Log file open, 09/03/20 14:35:07
LogWindows: Failed to load 'aqProf.dll' (GetLastError=126)
LogWindows: File 'aqProf.dll' does not exist
LogWindows: Failed to load 'VtuneApi.dll' (GetLastError=126)
LogWindows: File 'VtuneApi.dll' does not exist
LogWindows: Failed to load 'VtuneApi32e.dll' (GetLastError=126)
LogWindows: File 'VtuneApi32e.dll' does not exist
LogConsoleResponse: Display: Failed to find resolution value strings in scalability ini. Falling back to default.
LogInit: Display: Running engine for game: AdvGamesProgramming
LogPlatformFile: Not using cached read wrapper
LogTaskGraph: Started task graph with 5 named threads and 35 total threads with 3 sets of task threads.
LogStats: Stats thread started at 0.099755
LogD3D11RHI: Loaded GFSDK_Aftermath_Lib.x64.dll
LogICUInternationalization: ICU TimeZone Detection - Raw Offset: +10:00, Platform Override: ''
LogPluginManager: Mounting plugin Paper2D
LogPluginManager: Mounting plugin AISupport
LogPluginManager: Mounting plugin LightPropagationVolume
LogPluginManager: Mounting plugin ActorLayerUtilities
LogPluginManager: Mounting plugin AnimationSharing
LogPluginManager: Mounting plugin CLionSourceCodeAccess
LogPluginManager: Mounting plugin CodeLiteSourceCodeAccess
LogPluginManager: Mounting plugin GitSourceControl
LogPluginManager: Mounting plugin KDevelopSourceCodeAccess
LogPluginManager: Mounting plugin NullSourceCodeAccess
LogPluginManager: Mounting plugin PerforceSourceControl
LogPluginManager: Mounting plugin PlasticSourceControl
LogPluginManager: Mounting plugin SubversionSourceControl
LogPluginManager: Mounting plugin UObjectPlugin
LogPluginManager: Mounting plugin VisualStudioCodeSourceCodeAccess
LogPluginManager: Mounting plugin VisualStudioSourceCodeAccess
LogPluginManager: Mounting plugin XCodeSourceCodeAccess
LogPluginManager: Mounting plugin AssetManagerEditor
LogPluginManager: Mounting plugin CryptoKeys
LogPluginManager: Mounting plugin CurveEditorTools
LogPluginManager: Mounting plugin DataValidation
LogPluginManager: Mounting plugin FacialAnimation
LogPluginManager: Mounting plugin GameplayTagsEditor
LogPluginManager: Mounting plugin MacGraphicsSwitching
LogPluginManager: Mounting plugin MaterialAnalyzer
LogPluginManager: Mounting plugin MobileLauncherProfileWizard
LogPluginManager: Mounting plugin PluginBrowser
LogPluginManager: Mounting plugin SpeedTreeImporter
LogPluginManager: Mounting plugin DatasmithContent
LogPluginManager: Mounting plugin VariantManagerContent
LogPluginManager: Mounting plugin AlembicImporter
LogPluginManager: Mounting plugin AutomationUtils
LogPluginManager: Mounting plugin BackChannel
LogPluginManager: Mounting plugin CharacterAI
LogPluginManager: Mounting plugin GeometryCache
LogPluginManager: Mounting plugin PlatformCrypto
LogPluginManager: Mounting plugin ProxyLODPlugin
LogPluginManager: Mounting plugin SkeletalReduction
LogPluginManager: Mounting plugin MagicLeap
LogPluginManager: Mounting plugin MagicLeapMedia
LogPluginManager: Mounting plugin MLSDK
LogPluginManager: Mounting plugin AndroidMedia
LogPluginManager: Mounting plugin AvfMedia
LogPluginManager: Mounting plugin ImgMedia
LogPluginManager: Mounting plugin MediaCompositing
LogPluginManager: Mounting plugin MediaPlayerEditor
LogPluginManager: Mounting plugin WebMMedia
LogPluginManager: Mounting plugin WmfMedia
LogPluginManager: Mounting plugin TcpMessaging
LogPluginManager: Mounting plugin UdpMessaging
LogPluginManager: Mounting plugin ActorSequence
LogPluginManager: Mounting plugin LevelSequenceEditor
LogPluginManager: Mounting plugin MatineeToLevelSequence
LogPluginManager: Mounting plugin NetcodeUnitTest
LogPluginManager: Mounting plugin NUTUnrealEngine4
LogPluginManager: Mounting plugin OnlineSubsystemGooglePlay
LogPluginManager: Mounting plugin OnlineSubsystemIOS
LogPluginManager: Mounting plugin OnlineSubsystem
LogPluginManager: Mounting plugin OnlineSubsystemNull
LogPluginManager: Mounting plugin OnlineSubsystemUtils
LogPluginManager: Mounting plugin LauncherChunkInstaller
LogPluginManager: Mounting plugin AndroidDeviceProfileSelector
LogPluginManager: Mounting plugin AndroidMoviePlayer
LogPluginManager: Mounting plugin AndroidPermission
LogPluginManager: Mounting plugin AppleImageUtils
LogPluginManager: Mounting plugin AppleMoviePlayer
LogPluginManager: Mounting plugin ArchVisCharacter
LogPluginManager: Mounting plugin AssetTags
LogPluginManager: Mounting plugin AudioCapture
LogPluginManager: Mounting plugin CableComponent
LogPluginManager: Mounting plugin CustomMeshComponent
LogPluginManager: Mounting plugin EditableMesh
LogPluginManager: Mounting plugin ExampleDeviceProfileSelector
LogPluginManager: Mounting plugin GoogleCloudMessaging
LogPluginManager: Mounting plugin IOSDeviceProfileSelector
LogPluginManager: Mounting plugin LinuxDeviceProfileSelector
LogPluginManager: Mounting plugin LocationServicesBPLibrary
LogPluginManager: Mounting plugin MobilePatchingUtils
LogPluginManager: Mounting plugin OculusVR
LogPluginManager: Mounting plugin PhysXVehicles
LogPluginManager: Mounting plugin PostSplashScreen
LogPluginManager: Mounting plugin ProceduralMeshComponent
LogPluginManager: Mounting plugin RuntimePhysXCooking
LogPluginManager: Mounting plugin SignificanceManager
LogPluginManager: Mounting plugin SteamVR
LogPluginManager: Mounting plugin WebMMoviePlayer
LogPluginManager: Mounting plugin WindowsMoviePlayer
LogPluginManager: Mounting plugin ScreenshotTools
LogInit: Using libcurl 7.55.1-DEV
LogInit:  - built for x86_64-pc-win32
LogInit:  - supports SSL with OpenSSL/1.1.1
LogInit:  - supports HTTP deflate (compression) using libz 1.2.8
LogInit:  - other features:
LogInit:      CURL_VERSION_SSL
LogInit:      CURL_VERSION_LIBZ
LogInit:      CURL_VERSION_IPV6
LogInit:      CURL_VERSION_ASYNCHDNS
LogInit:      CURL_VERSION_LARGEFILE
LogInit:      CURL_VERSION_IDN
LogInit:  CurlRequestOptions (configurable via config and command line):
LogInit:  - bVerifyPeer = true  - Libcurl will verify peer certificate
LogInit:  - bUseHttpProxy = false  - Libcurl will NOT use HTTP proxy
LogInit:  - bDontReuseConnections = false  - Libcurl will reuse connections
LogInit:  - MaxHostConnections = 16  - Libcurl will limit the number of connections to a host
LogInit:  - LocalHostAddr = Default
LogInit:  - BufferSize = 65536
LogOnline: OSS: Creating online subsystem instance for: NULL
LogInit: WinSock: version 1.1 (2.2), MaxSocks=32767, MaxUdp=65467
LogOnline: OSS: TryLoadSubsystemAndSetDefault: Loaded subsystem for module [NULL]
LogInit: Build: ++UE4+Release-4.24-CL-11590370
LogInit: Engine Version: 4.24.3-11590370+++UE4+Release-4.24
LogInit: Compatible Engine Version: 4.24.0-10570792+++UE4+Release-4.24
LogInit: Net CL: 10570792
LogInit: OS: Windows 10 (Release 1903) (), CPU: AMD Ryzen 5 1600 Six-Core Processor            , GPU: Radeon RX 580 Series
LogInit: Compiled (64-bit): Feb 24 2020 15:39:18
LogInit: Compiled with Visual C++: 19.16.27032.01
LogInit: Build Configuration: Development
LogInit: Branch Name: ++UE4+Release-4.24
LogInit: Command Line: 
LogInit: Base Directory: C:/Program Files/Epic Games/UE_4.24/Engine/Binaries/Win64/
LogInit: Installed Engine Build: 1
LogDevObjectVersion: Number of dev versions registered: 25
LogDevObjectVersion:   Dev-Blueprints (B0D832E4-1F89-4F0D-ACCF-7EB736FD4AA2): 10
LogDevObjectVersion:   Dev-Build (E1C64328-A22C-4D53-A36C-8E866417BD8C): 0
LogDevObjectVersion:   Dev-Core (375EC13C-06E4-48FB-B500-84F0262A717E): 3
LogDevObjectVersion:   Dev-Editor (E4B068ED-F494-42E9-A231-DA0B2E46BB41): 37
LogDevObjectVersion:   Dev-Framework (CFFC743F-43B0-4480-9391-14DF171D2073): 36
LogDevObjectVersion:   Dev-Mobile (B02B49B5-BB20-44E9-A304-32B752E40360): 2
LogDevObjectVersion:   Dev-Networking (A4E4105C-59A1-49B5-A7C5-40C4547EDFEE): 0
LogDevObjectVersion:   Dev-Online (39C831C9-5AE6-47DC-9A44-9C173E1C8E7C): 0
LogDevObjectVersion:   Dev-Physics (78F01B33-EBEA-4F98-B9B4-84EACCB95AA2): 2
LogDevObjectVersion:   Dev-Platform (6631380F-2D4D-43E0-8009-CF276956A95A): 0
LogDevObjectVersion:   Dev-Rendering (12F88B9F-8875-4AFC-A67C-D90C383ABD29): 36
LogDevObjectVersion:   Dev-Sequencer (7B5AE74C-D270-4C10-A958-57980B212A5A): 11
LogDevObjectVersion:   Dev-VR (D7296918-1DD6-4BDD-9DE2-64A83CC13884): 2
LogDevObjectVersion:   Dev-LoadTimes (C2A15278-BFE7-4AFE-6C17-90FF531DF755): 1
LogDevObjectVersion:   Private-Geometry (6EACA3D4-40EC-4CC1-B786-8BED09428FC5): 3
LogDevObjectVersion:   Dev-AnimPhys (29E575DD-E0A3-4627-9D10-D276232CDCEA): 17
LogDevObjectVersion:   Dev-Anim (AF43A65D-7FD3-4947-9873-3E8ED9C1BB05): 2
LogDevObjectVersion:   Dev-ReflectionCapture (6B266CEC-1EC7-4B8F-A30B-E4D90942FC07): 1
LogDevObjectVersion:   Dev-Automation (0DF73D61-A23F-47EA-B727-89E90C41499A): 1
LogDevObjectVersion:   FortniteMain (601D1886-AC64-4F84-AA16-D3DE0DEAC7D6): 31
LogDevObjectVersion:   Dev-Enterprise (9DFFBCD6-494F-0158-E221-12823C92A888): 8
LogDevObjectVersion:   Dev-Niagara (F2AED0AC-9AFE-416F-8664-AA7FFA26D6FC): 1
LogDevObjectVersion:   Dev-Destruction (174F1F0B-B4C6-45A5-B13F-2EE8D0FB917D): 9
LogDevObjectVersion:   Dev-Physics-Ext (35F94A83-E258-406C-A318-09F59610247C): 8
LogDevObjectVersion:   Dev-CineCamera (B2E18506-4273-CFC2-A54E-F4BB758BBA07): 1
LogInit: Presizing for max 25165824 objects, including 0 objects not considered by GC, pre-allocating 0 bytes for permanent pool.
LogInit: Object subsystem initialized
LogConfig: Setting CVar [[con.DebugEarlyDefault:1]]
LogConfig: Setting CVar [[r.setres:1280x720]]
[2020.09.03-04.35.08:335][  0]LogConfig: Setting CVar [[r.VSync:0]]
[2020.09.03-04.35.08:335][  0]LogConfig: Setting CVar [[r.RHICmdBypass:0]]
[2020.09.03-04.35.08:335][  0]LogConfig: Applying CVar settings from Section [/Script/Engine.RendererSettings] File [C:/Users/Kevin/Documents/2020/Week5-Assessment2Test/Week5StartingPoint/Week5StartingPoint/Saved/Config/Windows/Engine.ini]
[2020.09.03-04.35.08:335][  0]LogConfig: Setting CVar [[r.GPUCrashDebugging:0]]
[2020.09.03-04.35.08:335][  0]LogConfig: Applying CVar settings from Section [/Script/Engine.RendererOverrideSettings] File [C:/Users/Kevin/Documents/2020/Week5-Assessment2Test/Week5StartingPoint/Week5StartingPoint/Saved/Config/Windows/Engine.ini]
[2020.09.03-04.35.08:335][  0]LogConfig: Applying CVar settings from Section [/Script/Engine.StreamingSettings] File [C:/Users/Kevin/Documents/2020/Week5-Assessment2Test/Week5StartingPoint/Week5StartingPoint/Saved/Config/Windows/Engine.ini]
[2020.09.03-04.35.08:335][  0]LogConfig: Setting CVar [[s.MinBulkDataSizeForAsyncLoading:131072]]
[2020.09.03-04.35.08:335][  0]LogConfig: Setting CVar [[s.AsyncLoadingThreadEnabled:0]]
[2020.09.03-04.35.08:335][  0]LogConfig: Setting CVar [[s.EventDrivenLoaderEnabled:1]]
[2020.09.03-04.35.08:335][  0]LogConfig: Setting CVar [[s.WarnIfTimeLimitExceeded:0]]
[2020.09.03-04.35.08:335][  0]LogConfig: Setting CVar [[s.TimeLimitExceededMultiplier:1.5]]
[2020.09.03-04.35.08:335][  0]LogConfig: Setting CVar [[s.TimeLimitExceededMinTime:0.005]]
[2020.09.03-04.35.08:335][  0]LogConfig: Setting CVar [[s.UseBackgroundLevelStreaming:1]]
[2020.09.03-04.35.08:335][  0]LogConfig: Setting CVar [[s.PriorityAsyncLoadingExtraTime:15.0]]
[2020.09.03-04.35.08:335][  0]LogConfig: Setting CVar [[s.LevelStreamingActorsUpdateTimeLimit:5.0]]
[2020.09.03-04.35.08:335][  0]LogConfig: Setting CVar [[s.PriorityLevelStreamingActorsUpdateExtraTime:5.0]]
[2020.09.03-04.35.08:335][  0]LogConfig: Setting CVar [[s.LevelStreamingComponentsRegistrationGranularity:10]]
[2020.09.03-04.35.08:335][  0]LogConfig: Setting CVar [[s.UnregisterComponentsTimeLimit:1.0]]
[2020.09.03-04.35.08:335][  0]LogConfig: Setting CVar [[s.LevelStreamingComponentsUnregistrationGranularity:5]]
[2020.09.03-04.35.08:335][  0]LogConfig: Setting CVar [[s.FlushStreamingOnExit:1]]
[2020.09.03-04.35.08:336][  0]LogConfig: Applying CVar settings from Section [/Script/Engine.GarbageCollectionSettings] File [C:/Users/Kevin/Documents/2020/Week5-Assessment2Test/Week5StartingPoint/Week5StartingPoint/Saved/Config/Windows/Engine.ini]
[2020.09.03-04.35.08:336][  0]LogConfig: Setting CVar [[gc.MaxObjectsNotConsideredByGC:1]]
[2020.09.03-04.35.08:336][  0]LogConfig: Setting CVar [[gc.SizeOfPermanentObjectPool:0]]
[2020.09.03-04.35.08:336][  0]LogConfig: Setting CVar [[gc.FlushStreamingOnGC:0]]
[2020.09.03-04.35.08:336][  0]LogConfig: Setting CVar [[gc.NumRetriesBeforeForcingGC:10]]
[2020.09.03-04.35.08:336][  0]LogConfig: Setting CVar [[gc.AllowParallelGC:1]]
[2020.09.03-04.35.08:336][  0]LogConfig: Setting CVar [[gc.TimeBetweenPurgingPendingKillObjects:61.1]]
[2020.09.03-04.35.08:336][  0]LogConfig: Setting CVar [[gc.MaxObjectsInEditor:25165824]]
[2020.09.03-04.35.08:336][  0]LogConfig: Setting CVar [[gc.IncrementalBeginDestroyEnabled:1]]
[2020.09.03-04.35.08:336][  0]LogConfig: Setting CVar [[gc.CreateGCClusters:1]]
[2020.09.03-04.35.08:336][  0]LogConfig: Setting CVar [[gc.MinGCClusterSize:5]]
[2020.09.03-04.35.08:336][  0]LogConfig: Setting CVar [[gc.ActorClusteringEnabled:0]]
[2020.09.03-04.35.08:336][  0]LogConfig: Setting CVar [[gc.BlueprintClusteringEnabled:0]]
[2020.09.03-04.35.08:336][  0]LogConfig: Setting CVar [[gc.UseDisregardForGCOnDedicatedServers:0]]
[2020.09.03-04.35.08:336][  0]LogConfig: Applying CVar settings from Section [/Script/Engine.NetworkSettings] File [C:/Users/Kevin/Documents/2020/Week5-Assessment2Test/Week5StartingPoint/Week5StartingPoint/Saved/Config/Windows/Engine.ini]
[2020.09.03-04.35.08:336][  0]LogConfig: Applying CVar settings from Section [/Script/UnrealEd.CookerSettings] File [C:/Users/Kevin/Documents/2020/Week5-Assessment2Test/Week5StartingPoint/Week5StartingPoint/Saved/Config/Windows/Engine.ini]
[2020.09.03-04.35.08:344][  0]LogConfig: Applying CVar settings from Section [ViewDistanceQuality@3] File [C:/Users/Kevin/Documents/2020/Week5-Assessment2Test/Week5StartingPoint/Week5StartingPoint/Saved/Config/Windows/Scalability.ini]
[2020.09.03-04.35.08:344][  0]LogConfig: Setting CVar [[r.SkeletalMeshLODBias:0]]
[2020.09.03-04.35.08:344][  0]LogConfig: Setting CVar [[r.ViewDistanceScale:1.0]]
[2020.09.03-04.35.08:344][  0]LogConfig: Applying CVar settings from Section [AntiAliasingQuality@3] File [C:/Users/Kevin/Documents/2020/Week5-Assessment2Test/Week5StartingPoint/Week5StartingPoint/Saved/Config/Windows/Scalability.ini]
[2020.09.03-04.35.08:344][  0]LogConfig: Setting CVar [[r.PostProcessAAQuality:4]]
[2020.09.03-04.35.08:344][  0]LogConfig: Applying CVar settings from Section [ShadowQuality@3] File [C:/Users/Kevin/Documents/2020/Week5-Assessment2Test/Week5StartingPoint/Week5StartingPoint/Saved/Config/Windows/Scalability.ini]
[2020.09.03-04.35.08:344][  0]LogConfig: Setting CVar [[r.LightFunctionQuality:1]]
[2020.09.03-04.35.08:344][  0]LogConfig: Setting CVar [[r.ShadowQuality:5]]
[2020.09.03-04.35.08:344][  0]LogConfig: Setting CVar [[r.Shadow.CSM.MaxCascades:10]]
[2020.09.03-04.35.08:344][  0]LogConfig: Setting CVar [[r.Shadow.MaxResolution:2048]]
[2020.09.03-04.35.08:344][  0]LogConfig: Setting CVar [[r.Shadow.MaxCSMResolution:2048]]
[2020.09.03-04.35.08:344][  0]LogConfig: Setting CVar [[r.Shadow.RadiusThreshold:0.01]]
[2020.09.03-04.35.08:344][  0]LogConfig: Setting CVar [[r.Shadow.DistanceScale:1.0]]
[2020.09.03-04.35.08:344][  0]LogConfig: Setting CVar [[r.Shadow.CSM.TransitionScale:1.0]]
[2020.09.03-04.35.08:344][  0]LogConfig: Setting CVar [[r.Shadow.PreShadowResolutionFactor:1.0]]
[2020.09.03-04.35.08:344][  0]LogConfig: Setting CVar [[r.DistanceFieldShadowing:1]]
[2020.09.03-04.35.08:344][  0]LogConfig: Setting CVar [[r.DistanceFieldAO:1]]
[2020.09.03-04.35.08:344][  0]LogConfig: Setting CVar [[r.AOQuality:2]]
[2020.09.03-04.35.08:344][  0]LogConfig: Setting CVar [[r.VolumetricFog:1]]
[2020.09.03-04.35.08:344][  0]LogConfig: Setting CVar [[r.VolumetricFog.GridPixelSize:8]]
[2020.09.03-04.35.08:344][  0]LogConfig: Setting CVar [[r.VolumetricFog.GridSizeZ:128]]
[2020.09.03-04.35.08:344][  0]LogConfig: Setting CVar [[r.VolumetricFog.HistoryMissSupersampleCount:4]]
[2020.09.03-04.35.08:344][  0]LogConfig: Setting CVar [[r.LightMaxDrawDistanceScale:1]]
[2020.09.03-04.35.08:344][  0]LogConfig: Setting CVar [[r.CapsuleShadows:1]]
[2020.09.03-04.35.08:344][  0]LogConfig: Applying CVar settings from Section [PostProcessQuality@3] File [C:/Users/Kevin/Documents/2020/Week5-Assessment2Test/Week5StartingPoint/Week5StartingPoint/Saved/Config/Windows/Scalability.ini]
[2020.09.03-04.35.08:344][  0]LogConfig: Setting CVar [[r.MotionBlurQuality:4]]
[2020.09.03-04.35.08:344][  0]LogConfig: Setting CVar [[r.AmbientOcclusionMipLevelFactor:0.4]]
[2020.09.03-04.35.08:344][  0]LogConfig: Setting CVar [[r.AmbientOcclusionMaxQuality:100]]
[2020.09.03-04.35.08:344][  0]LogConfig: Setting CVar [[r.AmbientOcclusionLevels:-1]]
[2020.09.03-04.35.08:344][  0]LogConfig: Setting CVar [[r.AmbientOcclusionRadiusScale:1.0]]
[2020.09.03-04.35.08:344][  0]LogConfig: Setting CVar [[r.DepthOfFieldQuality:2]]
[2020.09.03-04.35.08:344][  0]LogConfig: Setting CVar [[r.RenderTargetPoolMin:400]]
[2020.09.03-04.35.08:344][  0]LogConfig: Setting CVar [[r.LensFlareQuality:2]]
[2020.09.03-04.35.08:345][  0]LogConfig: Setting CVar [[r.SceneColorFringeQuality:1]]
[2020.09.03-04.35.08:345][  0]LogConfig: Setting CVar [[r.EyeAdaptationQuality:2]]
[2020.09.03-04.35.08:345][  0]LogConfig: Setting CVar [[r.BloomQuality:5]]
[2020.09.03-04.35.08:345][  0]LogConfig: Setting CVar [[r.FastBlurThreshold:100]]
[2020.09.03-04.35.08:345][  0]LogConfig: Setting CVar [[r.Upscale.Quality:3]]
[2020.09.03-04.35.08:345][  0]LogConfig: Setting CVar [[r.Tonemapper.GrainQuantization:1]]
[2020.09.03-04.35.08:345][  0]LogConfig: Setting CVar [[r.LightShaftQuality:1]]
[2020.09.03-04.35.08:345][  0]LogConfig: Setting CVar [[r.Filter.SizeScale:1]]
[2020.09.03-04.35.08:345][  0]LogConfig: Setting CVar [[r.Tonemapper.Quality:5]]
[2020.09.03-04.35.08:345][  0]LogConfig: Setting CVar [[r.DOF.Gather.AccumulatorQuality:1        ; higher gathering accumulator quality]]
[2020.09.03-04.35.08:345][  0]LogConfig: Setting CVar [[r.DOF.Gather.PostfilterMethod:1          ; Median3x3 postfilering method]]
[2020.09.03-04.35.08:345][  0]LogConfig: Setting CVar [[r.DOF.Gather.EnableBokehSettings:0       ; no bokeh simulation when gathering]]
[2020.09.03-04.35.08:345][  0]LogConfig: Setting CVar [[r.DOF.Gather.RingCount:4                 ; medium number of samples when gathering]]
[2020.09.03-04.35.08:345][  0]LogConfig: Setting CVar [[r.DOF.Scatter.ForegroundCompositing:1    ; additive foreground scattering]]
[2020.09.03-04.35.08:345][  0]LogConfig: Setting CVar [[r.DOF.Scatter.BackgroundCompositing:2    ; additive background scattering]]
[2020.09.03-04.35.08:345][  0]LogConfig: Setting CVar [[r.DOF.Scatter.EnableBokehSettings:1      ; bokeh simulation when scattering]]
[2020.09.03-04.35.08:345][  0]LogConfig: Setting CVar [[r.DOF.Scatter.MaxSpriteRatio:0.1         ; only a maximum of 10% of scattered bokeh]]
[2020.09.03-04.35.08:345][  0]LogConfig: Setting CVar [[r.DOF.Recombine.Quality:1                ; cheap slight out of focus]]
[2020.09.03-04.35.08:345][  0]LogConfig: Setting CVar [[r.DOF.Recombine.EnableBokehSettings:0    ; no bokeh simulation on slight out of focus]]
[2020.09.03-04.35.08:345][  0]LogConfig: Setting CVar [[r.DOF.TemporalAAQuality:1                ; more stable temporal accumulation]]
[2020.09.03-04.35.08:345][  0]LogConfig: Setting CVar [[r.DOF.Kernel.MaxForegroundRadius:0.025]]
[2020.09.03-04.35.08:345][  0]LogConfig: Setting CVar [[r.DOF.Kernel.MaxBackgroundRadius:0.025]]
[2020.09.03-04.35.08:345][  0]LogConfig: Applying CVar settings from Section [TextureQuality@3] File [C:/Users/Kevin/Documents/2020/Week5-Assessment2Test/Week5StartingPoint/Week5StartingPoint/Saved/Config/Windows/Scalability.ini]
[2020.09.03-04.35.08:345][  0]LogConfig: Setting CVar [[r.Streaming.MipBias:0]]
[2020.09.03-04.35.08:345][  0]LogConfig: Setting CVar [[r.Streaming.AmortizeCPUToGPUCopy:0]]
[2020.09.03-04.35.08:345][  0]LogConfig: Setting CVar [[r.Streaming.MaxNumTexturesToStreamPerFrame:0]]
[2020.09.03-04.35.08:345][  0]LogConfig: Setting CVar [[r.Streaming.Boost:1]]
[2020.09.03-04.35.08:345][  0]LogConfig: Setting CVar [[r.MaxAnisotropy:8]]
[2020.09.03-04.35.08:345][  0]LogConfig: Setting CVar [[r.VT.MaxAnisotropy:8]]
[2020.09.03-04.35.08:345][  0]LogConfig: Setting CVar [[r.Streaming.LimitPoolSizeToVRAM:0]]
[2020.09.03-04.35.08:345][  0]LogConfig: Setting CVar [[r.Streaming.PoolSize:1000]]
[2020.09.03-04.35.08:345][  0]LogConfig: Setting CVar [[r.Streaming.MaxEffectiveScreenSize:0]]
[2020.09.03-04.35.08:345][  0]LogConfig: Applying CVar settings from Section [EffectsQuality@3] File [C:/Users/Kevin/Documents/2020/Week5-Assessment2Test/Week5StartingPoint/Week5StartingPoint/Saved/Config/Windows/Scalability.ini]
[2020.09.03-04.35.08:345][  0]LogConfig: Setting CVar [[r.TranslucencyLightingVolumeDim:64]]
[2020.09.03-04.35.08:345][  0]LogConfig: Setting CVar [[r.RefractionQuality:2]]
[2020.09.03-04.35.08:345][  0]LogConfig: Setting CVar [[r.SSR.Quality:3]]
[2020.09.03-04.35.08:345][  0]LogConfig: Setting CVar [[r.SSR.HalfResSceneColor:0]]
[2020.09.03-04.35.08:345][  0]LogConfig: Setting CVar [[r.SceneColorFormat:4]]
[2020.09.03-04.35.08:345][  0]LogConfig: Setting CVar [[r.DetailMode:2]]
[2020.09.03-04.35.08:345][  0]LogConfig: Setting CVar [[r.TranslucencyVolumeBlur:1]]
[2020.09.03-04.35.08:345][  0]LogConfig: Setting CVar [[r.MaterialQualityLevel:1 ; High quality]]
[2020.09.03-04.35.08:345][  0]LogConfig: Setting CVar [[r.SSS.Scale:1]]
[2020.09.03-04.35.08:345][  0]LogConfig: Setting CVar [[r.SSS.SampleSet:2]]
[2020.09.03-04.35.08:345][  0]LogConfig: Setting CVar [[r.SSS.Quality:1]]
[2020.09.03-04.35.08:345][  0]LogConfig: Setting CVar [[r.SSS.HalfRes:1]]
[2020.09.03-04.35.08:345][  0]LogConfig: Setting CVar [[r.SSGI.Quality:3]]
[2020.09.03-04.35.08:345][  0]LogConfig: Setting CVar [[r.EmitterSpawnRateScale:1.0]]
[2020.09.03-04.35.08:345][  0]LogConfig: Setting CVar [[r.ParticleLightQuality:2]]
[2020.09.03-04.35.08:345][  0]LogConfig: Setting CVar [[r.SkyAtmosphere.AerialPerspectiveLUT.FastApplyOnOpaque:1 ; Always have FastSkyLUT 1 in this case to avoid wrong sky]]
[2020.09.03-04.35.08:345][  0]LogConfig: Setting CVar [[r.SkyAtmosphere.AerialPerspectiveLUT.SampleCountPerSlice:1]]
[2020.09.03-04.35.08:345][  0]LogConfig: Setting CVar [[r.SkyAtmosphere.AerialPerspectiveLUT.DepthResolution:16.0]]
[2020.09.03-04.35.08:345][  0]LogConfig: Setting CVar [[r.SkyAtmosphere.FastSkyLUT:1]]
[2020.09.03-04.35.08:345][  0]LogConfig: Setting CVar [[r.SkyAtmosphere.FastSkyLUT.SampleCountMin:4.0]]
[2020.09.03-04.35.08:345][  0]LogConfig: Setting CVar [[r.SkyAtmosphere.FastSkyLUT.SampleCountMax:32.0]]
[2020.09.03-04.35.08:345][  0]LogConfig: Setting CVar [[r.SkyAtmosphere.SampleCountMin:4.0]]
[2020.09.03-04.35.08:345][  0]LogConfig: Setting CVar [[r.SkyAtmosphere.SampleCountMax:32.0]]
[2020.09.03-04.35.08:345][  0]LogConfig: Setting CVar [[r.SkyAtmosphere.TransmittanceLUT.UseSmallFormat:0]]
[2020.09.03-04.35.08:345][  0]LogConfig: Setting CVar [[r.SkyAtmosphere.TransmittanceLUT.SampleCount:10.0]]
[2020.09.03-04.35.08:345][  0]LogConfig: Setting CVar [[r.SkyAtmosphere.MultiScatteringLUT.SampleCount:15.0]]
[2020.09.03-04.35.08:345][  0]LogConfig: Applying CVar settings from Section [FoliageQuality@3] File [C:/Users/Kevin/Documents/2020/Week5-Assessment2Test/Week5StartingPoint/Week5StartingPoint/Saved/Config/Windows/Scalability.ini]
[2020.09.03-04.35.08:346][  0]LogConfig: Setting CVar [[foliage.DensityScale:1.0]]
[2020.09.03-04.35.08:346][  0]LogConfig: Setting CVar [[grass.DensityScale:1.0]]
[2020.09.03-04.35.08:346][  0]LogConfig: Applying CVar settings from Section [ShadingQuality@3] File [C:/Users/Kevin/Documents/2020/Week5-Assessment2Test/Week5StartingPoint/Week5StartingPoint/Saved/Config/Windows/Scalability.ini]
[2020.09.03-04.35.08:346][  0]LogConfig: Setting CVar [[r.HairStrands.SkyLighting.SampleCount:16]]
[2020.09.03-04.35.08:346][  0]LogConfig: Setting CVar [[r.HairStrands.SkyLighting.JitterIntegration:0]]
[2020.09.03-04.35.08:346][  0]LogConfig: Setting CVar [[r.HairStrands.SkyAO.SampleCount:16]]
[2020.09.03-04.35.08:346][  0]LogInit: Selected Device Profile: [Windows]
[2020.09.03-04.35.08:346][  0]LogInit: Applying CVar settings loaded from the selected device profile: [Windows]
[2020.09.03-04.35.08:368][  0]LogHAL: Display: Platform has ~ 16 GB [17128517632 / 17179869184 / 16], which maps to Larger [LargestMinGB=32, LargerMinGB=12, DefaultMinGB=8, SmallerMinGB=6, SmallestMinGB=0)
[2020.09.03-04.35.08:368][  0]LogInit: Going up to parent DeviceProfile []
[2020.09.03-04.35.08:368][  0]LogConfig: Applying CVar settings from Section [ViewDistanceQuality@3] File [C:/Users/Kevin/Documents/2020/Week5-Assessment2Test/Week5StartingPoint/Week5StartingPoint/Saved/Config/Windows/Scalability.ini]
[2020.09.03-04.35.08:368][  0]LogConfig: Setting CVar [[r.SkeletalMeshLODBias:0]]
[2020.09.03-04.35.08:368][  0]LogConfig: Setting CVar [[r.ViewDistanceScale:1.0]]
[2020.09.03-04.35.08:368][  0]LogConfig: Applying CVar settings from Section [AntiAliasingQuality@3] File [C:/Users/Kevin/Documents/2020/Week5-Assessment2Test/Week5StartingPoint/Week5StartingPoint/Saved/Config/Windows/Scalability.ini]
[2020.09.03-04.35.08:368][  0]LogConfig: Setting CVar [[r.PostProcessAAQuality:4]]
[2020.09.03-04.35.08:368][  0]LogConfig: Applying CVar settings from Section [ShadowQuality@3] File [C:/Users/Kevin/Documents/2020/Week5-Assessment2Test/Week5StartingPoint/Week5StartingPoint/Saved/Config/Windows/Scalability.ini]
[2020.09.03-04.35.08:368][  0]LogConfig: Setting CVar [[r.LightFunctionQuality:1]]
[2020.09.03-04.35.08:368][  0]LogConfig: Setting CVar [[r.ShadowQuality:5]]
[2020.09.03-04.35.08:368][  0]LogConfig: Setting CVar [[r.Shadow.CSM.MaxCascades:10]]
[2020.09.03-04.35.08:368][  0]LogConfig: Setting CVar [[r.Shadow.MaxResolution:2048]]
[2020.09.03-04.35.08:368][  0]LogConfig: Setting CVar [[r.Shadow.MaxCSMResolution:2048]]
[2020.09.03-04.35.08:368][  0]LogConfig: Setting CVar [[r.Shadow.RadiusThreshold:0.01]]
[2020.09.03-04.35.08:368][  0]LogConfig: Setting CVar [[r.Shadow.DistanceScale:1.0]]
[2020.09.03-04.35.08:368][  0]LogConfig: Setting CVar [[r.Shadow.CSM.TransitionScale:1.0]]
[2020.09.03-04.35.08:368][  0]LogConfig: Setting CVar [[r.Shadow.PreShadowResolutionFactor:1.0]]
[2020.09.03-04.35.08:368][  0]LogConfig: Setting CVar [[r.DistanceFieldShadowing:1]]
[2020.09.03-04.35.08:368][  0]LogConfig: Setting CVar [[r.DistanceFieldAO:1]]
[2020.09.03-04.35.08:368][  0]LogConfig: Setting CVar [[r.AOQuality:2]]
[2020.09.03-04.35.08:368][  0]LogConfig: Setting CVar [[r.VolumetricFog:1]]
[2020.09.03-04.35.08:368][  0]LogConfig: Setting CVar [[r.VolumetricFog.GridPixelSize:8]]
[2020.09.03-04.35.08:368][  0]LogConfig: Setting CVar [[r.VolumetricFog.GridSizeZ:128]]
[2020.09.03-04.35.08:368][  0]LogConfig: Setting CVar [[r.VolumetricFog.HistoryMissSupersampleCount:4]]
[2020.09.03-04.35.08:368][  0]LogConfig: Setting CVar [[r.LightMaxDrawDistanceScale:1]]
[2020.09.03-04.35.08:368][  0]LogConfig: Setting CVar [[r.CapsuleShadows:1]]
[2020.09.03-04.35.08:368][  0]LogConfig: Applying CVar settings from Section [PostProcessQuality@3] File [C:/Users/Kevin/Documents/2020/Week5-Assessment2Test/Week5StartingPoint/Week5StartingPoint/Saved/Config/Windows/Scalability.ini]
[2020.09.03-04.35.08:368][  0]LogConfig: Setting CVar [[r.MotionBlurQuality:4]]
[2020.09.03-04.35.08:368][  0]LogConfig: Setting CVar [[r.AmbientOcclusionMipLevelFactor:0.4]]
[2020.09.03-04.35.08:368][  0]LogConfig: Setting CVar [[r.AmbientOcclusionMaxQuality:100]]
[2020.09.03-04.35.08:368][  0]LogConfig: Setting CVar [[r.AmbientOcclusionLevels:-1]]
[2020.09.03-04.35.08:368][  0]LogConfig: Setting CVar [[r.AmbientOcclusionRadiusScale:1.0]]
[2020.09.03-04.35.08:368][  0]LogConfig: Setting CVar [[r.DepthOfFieldQuality:2]]
[2020.09.03-04.35.08:368][  0]LogConfig: Setting CVar [[r.RenderTargetPoolMin:400]]
[2020.09.03-04.35.08:368][  0]LogConfig: Setting CVar [[r.LensFlareQuality:2]]
[2020.09.03-04.35.08:368][  0]LogConfig: Setting CVar [[r.SceneColorFringeQuality:1]]
[2020.09.03-04.35.08:368][  0]LogConfig: Setting CVar [[r.EyeAdaptationQuality:2]]
[2020.09.03-04.35.08:369][  0]LogConfig: Setting CVar [[r.BloomQuality:5]]
[2020.09.03-04.35.08:369][  0]LogConfig: Setting CVar [[r.FastBlurThreshold:100]]
[2020.09.03-04.35.08:369][  0]LogConfig: Setting CVar [[r.Upscale.Quality:3]]
[2020.09.03-04.35.08:369][  0]LogConfig: Setting CVar [[r.Tonemapper.GrainQuantization:1]]
[2020.09.03-04.35.08:369][  0]LogConfig: Setting CVar [[r.LightShaftQuality:1]]
[2020.09.03-04.35.08:369][  0]LogConfig: Setting CVar [[r.Filter.SizeScale:1]]
[2020.09.03-04.35.08:369][  0]LogConfig: Setting CVar [[r.Tonemapper.Quality:5]]
[2020.09.03-04.35.08:369][  0]LogConfig: Setting CVar [[r.DOF.Gather.AccumulatorQuality:1        ; higher gathering accumulator quality]]
[2020.09.03-04.35.08:369][  0]LogConfig: Setting CVar [[r.DOF.Gather.PostfilterMethod:1          ; Median3x3 postfilering method]]
[2020.09.03-04.35.08:369][  0]LogConfig: Setting CVar [[r.DOF.Gather.EnableBokehSettings:0       ; no bokeh simulation when gathering]]
[2020.09.03-04.35.08:369][  0]LogConfig: Setting CVar [[r.DOF.Gather.RingCount:4                 ; medium number of samples when gathering]]
[2020.09.03-04.35.08:369][  0]LogConfig: Setting CVar [[r.DOF.Scatter.ForegroundCompositing:1    ; additive foreground scattering]]
[2020.09.03-04.35.08:369][  0]LogConfig: Setting CVar [[r.DOF.Scatter.BackgroundCompositing:2    ; additive background scattering]]
[2020.09.03-04.35.08:369][  0]LogConfig: Setting CVar [[r.DOF.Scatter.EnableBokehSettings:1      ; bokeh simulation when scattering]]
[2020.09.03-04.35.08:369][  0]LogConfig: Setting CVar [[r.DOF.Scatter.MaxSpriteRatio:0.1         ; only a maximum of 10% of scattered bokeh]]
[2020.09.03-04.35.08:369][  0]LogConfig: Setting CVar [[r.DOF.Recombine.Quality:1                ; cheap slight out of focus]]
[2020.09.03-04.35.08:369][  0]LogConfig: Setting CVar [[r.DOF.Recombine.EnableBokehSettings:0    ; no bokeh simulation on slight out of focus]]
[2020.09.03-04.35.08:369][  0]LogConfig: Setting CVar [[r.DOF.TemporalAAQuality:1                ; more stable temporal accumulation]]
[2020.09.03-04.35.08:369][  0]LogConfig: Setting CVar [[r.DOF.Kernel.MaxForegroundRadius:0.025]]
[2020.09.03-04.35.08:369][  0]LogConfig: Setting CVar [[r.DOF.Kernel.MaxBackgroundRadius:0.025]]
[2020.09.03-04.35.08:369][  0]LogConfig: Applying CVar settings from Section [TextureQuality@3] File [C:/Users/Kevin/Documents/2020/Week5-Assessment2Test/Week5StartingPoint/Week5StartingPoint/Saved/Config/Windows/Scalability.ini]
[2020.09.03-04.35.08:369][  0]LogConfig: Setting CVar [[r.Streaming.MipBias:0]]
[2020.09.03-04.35.08:369][  0]LogConfig: Setting CVar [[r.Streaming.AmortizeCPUToGPUCopy:0]]
[2020.09.03-04.35.08:369][  0]LogConfig: Setting CVar [[r.Streaming.MaxNumTexturesToStreamPerFrame:0]]
[2020.09.03-04.35.08:369][  0]LogConfig: Setting CVar [[r.Streaming.Boost:1]]
[2020.09.03-04.35.08:369][  0]LogConfig: Setting CVar [[r.MaxAnisotropy:8]]
[2020.09.03-04.35.08:369][  0]LogConfig: Setting CVar [[r.VT.MaxAnisotropy:8]]
[2020.09.03-04.35.08:369][  0]LogConfig: Setting CVar [[r.Streaming.LimitPoolSizeToVRAM:0]]
[2020.09.03-04.35.08:369][  0]LogConfig: Setting CVar [[r.Streaming.PoolSize:1000]]
[2020.09.03-04.35.08:369][  0]LogConfig: Setting CVar [[r.Streaming.MaxEffectiveScreenSize:0]]
[2020.09.03-04.35.08:369][  0]LogConfig: Applying CVar settings from Section [EffectsQuality@3] File [C:/Users/Kevin/Documents/2020/Week5-Assessment2Test/Week5StartingPoint/Week5StartingPoint/Saved/Config/Windows/Scalability.ini]
[2020.09.03-04.35.08:369][  0]LogConfig: Setting CVar [[r.TranslucencyLightingVolumeDim:64]]
[2020.09.03-04.35.08:369][  0]LogConfig: Setting CVar [[r.RefractionQuality:2]]
[2020.09.03-04.35.08:369][  0]LogConfig: Setting CVar [[r.SSR.Quality:3]]
[2020.09.03-04.35.08:369][  0]LogConfig: Setting CVar [[r.SSR.HalfResSceneColor:0]]
[2020.09.03-04.35.08:369][  0]LogConfig: Setting CVar [[r.SceneColorFormat:4]]
[2020.09.03-04.35.08:369][  0]LogConfig: Setting CVar [[r.DetailMode:2]]
[2020.09.03-04.35.08:369][  0]LogConfig: Setting CVar [[r.TranslucencyVolumeBlur:1]]
[2020.09.03-04.35.08:369][  0]LogConfig: Setting CVar [[r.MaterialQualityLevel:1 ; High quality]]
[2020.09.03-04.35.08:369][  0]LogConfig: Setting CVar [[r.SSS.Scale:1]]
[2020.09.03-04.35.08:369][  0]LogConfig: Setting CVar [[r.SSS.SampleSet:2]]
[2020.09.03-04.35.08:369][  0]LogConfig: Setting CVar [[r.SSS.Quality:1]]
[2020.09.03-04.35.08:369][  0]LogConfig: Setting CVar [[r.SSS.HalfRes:1]]
[2020.09.03-04.35.08:369][  0]LogConfig: Setting CVar [[r.SSGI.Quality:3]]
[2020.09.03-04.35.08:369][  0]LogConfig: Setting CVar [[r.EmitterSpawnRateScale:1.0]]
[2020.09.03-04.35.08:369][  0]LogConfig: Setting CVar [[r.ParticleLightQuality:2]]
[2020.09.03-04.35.08:369][  0]LogConfig: Setting CVar [[r.SkyAtmosphere.AerialPerspectiveLUT.FastApplyOnOpaque:1 ; Always have FastSkyLUT 1 in this case to avoid wrong sky]]
[2020.09.03-04.35.08:369][  0]LogConfig: Setting CVar [[r.SkyAtmosphere.AerialPerspectiveLUT.SampleCountPerSlice:1]]
[2020.09.03-04.35.08:369][  0]LogConfig: Setting CVar [[r.SkyAtmosphere.AerialPerspectiveLUT.DepthResolution:16.0]]
[2020.09.03-04.35.08:369][  0]LogConfig: Setting CVar [[r.SkyAtmosphere.FastSkyLUT:1]]
[2020.09.03-04.35.08:369][  0]LogConfig: Setting CVar [[r.SkyAtmosphere.FastSkyLUT.SampleCountMin:4.0]]
[2020.09.03-04.35.08:369][  0]LogConfig: Setting CVar [[r.SkyAtmosphere.FastSkyLUT.SampleCountMax:32.0]]
[2020.09.03-04.35.08:369][  0]LogConfig: Setting CVar [[r.SkyAtmosphere.SampleCountMin:4.0]]
[2020.09.03-04.35.08:369][  0]LogConfig: Setting CVar [[r.SkyAtmosphere.SampleCountMax:32.0]]
[2020.09.03-04.35.08:369][  0]LogConfig: Setting CVar [[r.SkyAtmosphere.TransmittanceLUT.UseSmallFormat:0]]
[2020.09.03-04.35.08:369][  0]LogConfig: Setting CVar [[r.SkyAtmosphere.TransmittanceLUT.SampleCount:10.0]]
[2020.09.03-04.35.08:369][  0]LogConfig: Setting CVar [[r.SkyAtmosphere.MultiScatteringLUT.SampleCount:15.0]]
[2020.09.03-04.35.08:369][  0]LogConfig: Applying CVar settings from Section [FoliageQuality@3] File [C:/Users/Kevin/Documents/2020/Week5-Assessment2Test/Week5StartingPoint/Week5StartingPoint/Saved/Config/Windows/Scalability.ini]
[2020.09.03-04.35.08:370][  0]LogConfig: Setting CVar [[foliage.DensityScale:1.0]]
[2020.09.03-04.35.08:370][  0]LogConfig: Setting CVar [[grass.DensityScale:1.0]]
[2020.09.03-04.35.08:370][  0]LogConfig: Applying CVar settings from Section [ShadingQuality@3] File [C:/Users/Kevin/Documents/2020/Week5-Assessment2Test/Week5StartingPoint/Week5StartingPoint/Saved/Config/Windows/Scalability.ini]
[2020.09.03-04.35.08:370][  0]LogConfig: Setting CVar [[r.HairStrands.SkyLighting.SampleCount:16]]
[2020.09.03-04.35.08:370][  0]LogConfig: Setting CVar [[r.HairStrands.SkyLighting.JitterIntegration:0]]
[2020.09.03-04.35.08:370][  0]LogConfig: Setting CVar [[r.HairStrands.SkyAO.SampleCount:16]]
[2020.09.03-04.35.08:370][  0]LogConfig: Applying CVar settings from Section [Startup] File [../../../Engine/Config/ConsoleVariables.ini]
[2020.09.03-04.35.08:370][  0]LogConfig: Setting CVar [[net.UseAdaptiveNetUpdateFrequency:0]]
[2020.09.03-04.35.08:370][  0]LogConfig: Setting CVar [[p.chaos.AllowCreatePhysxBodies:1]]
[2020.09.03-04.35.08:370][  0]LogConfig: Applying CVar settings from Section [ConsoleVariables] File [C:/Users/Kevin/Documents/2020/Week5-Assessment2Test/Week5StartingPoint/Week5StartingPoint/Saved/Config/Windows/Engine.ini]
[2020.09.03-04.35.08:370][  0]LogInit: Computer: DESKTOP-UIGKU0G
[2020.09.03-04.35.08:370][  0]LogInit: User: Kevin
[2020.09.03-04.35.08:370][  0]LogInit: CPU Page size=4096, Cores=6
[2020.09.03-04.35.08:370][  0]LogInit: High frequency timer resolution =10.000000 MHz
[2020.09.03-04.35.08:371][  0]LogMemory: Memory total: Physical=16.0GB (16GB approx)
[2020.09.03-04.35.08:371][  0]LogMemory: Platform Memory Stats for Windows
[2020.09.03-04.35.08:371][  0]LogMemory: Process Physical Memory: 107.30 MB used, 107.30 MB peak
[2020.09.03-04.35.08:371][  0]LogMemory: Process Virtual Memory: 103.90 MB used, 103.90 MB peak
[2020.09.03-04.35.08:371][  0]LogMemory: Physical Memory: 9740.80 MB used,  6594.23 MB free, 16335.03 MB total
[2020.09.03-04.35.08:371][  0]LogMemory: Virtual Memory: 5140.13 MB used,  134212584.00 MB free, 134217728.00 MB total
[2020.09.03-04.35.08:374][  0]LogWindows: WindowsPlatformFeatures enabled
[2020.09.03-04.35.08:402][  0]LogInit: Using OS detected language (en-US).
[2020.09.03-04.35.08:402][  0]LogInit: Using OS detected locale (en-AU).
[2020.09.03-04.35.08:403][  0]LogTextLocalizationManager: No specific localization for 'en-US' exists, so the 'en' localization will be used.
[2020.09.03-04.35.08:618][  0]LogInit: Setting process to per monitor DPI aware
[2020.09.03-04.35.08:695][  0]LogSlate: New Slate User Created.  User Index 0, Is Virtual User: 0
[2020.09.03-04.35.08:695][  0]LogSlate: Slate User Registered.  User Index 0, Is Virtual User: 0
[2020.09.03-04.35.10:796][  0]LogHMD: Failed to initialize OpenVR with code 110
[2020.09.03-04.35.10:796][  0]LogD3D11RHI: D3D11 min allowed feature level: 11_0
[2020.09.03-04.35.10:796][  0]LogD3D11RHI: D3D11 max allowed feature level: 11_0
[2020.09.03-04.35.10:796][  0]LogD3D11RHI: D3D11 adapters:
[2020.09.03-04.35.10:909][  0]LogD3D11RHI:    0. 'Radeon RX 580 Series' (Feature Level 11_0)
[2020.09.03-04.35.10:910][  0]LogD3D11RHI:       8172/0/8167 MB DedicatedVideo/DedicatedSystem/SharedSystem, Outputs:2, VendorId:0x1002
[2020.09.03-04.35.10:913][  0]LogD3D11RHI:    1. 'Microsoft Basic Render Driver' (Feature Level 11_0)
[2020.09.03-04.35.10:913][  0]LogD3D11RHI:       0/0/8167 MB DedicatedVideo/DedicatedSystem/SharedSystem, Outputs:0, VendorId:0x1414
[2020.09.03-04.35.10:913][  0]LogD3D11RHI: Chosen D3D11 Adapter: 0
[2020.09.03-04.35.10:924][  0]LogD3D11RHI: Creating new Direct3DDevice
[2020.09.03-04.35.10:925][  0]LogD3D11RHI:     GPU DeviceId: 0x67df (for the marketing name, search the web for "GPU Device Id")
[2020.09.03-04.35.10:925][  0]LogWindows: EnumDisplayDevices:
[2020.09.03-04.35.10:925][  0]LogWindows:    0. 'Radeon RX 580 Series' (P:0 D:1)
[2020.09.03-04.35.10:926][  0]LogWindows:    1. 'Radeon RX 580 Series' (P:1 D:1)
[2020.09.03-04.35.10:926][  0]LogWindows:    2. 'Radeon RX 580 Series' (P:0 D:0)
[2020.09.03-04.35.10:927][  0]LogWindows:    3. 'Radeon RX 580 Series' (P:0 D:0)
[2020.09.03-04.35.10:928][  0]LogWindows:    4. 'Radeon RX 580 Series' (P:0 D:0)
[2020.09.03-04.35.10:929][  0]LogWindows:    5. 'Radeon RX 580 Series' (P:0 D:0)
[2020.09.03-04.35.10:929][  0]LogWindows:    6. 'Radeon RX 580 Series' (P:0 D:0)
[2020.09.03-04.35.10:930][  0]LogWindows:    7. 'Radeon RX 580 Series' (P:0 D:0)
[2020.09.03-04.35.10:931][  0]LogWindows: DebugString: FoundDriverCount:8 
[2020.09.03-04.35.10:931][  0]LogD3D11RHI:     Adapter Name: Radeon RX 580 Series
[2020.09.03-04.35.10:931][  0]LogD3D11RHI:   Driver Version: Adrenalin 2020 20.2.1 (internal:26.20.15019.1003, unified:26.20.15019.1003)
[2020.09.03-04.35.10:931][  0]LogD3D11RHI:      Driver Date: 1-30-2020
[2020.09.03-04.35.10:931][  0]LogRHI: Texture pool is 5720 MB (70% of 8172 MB)
[2020.09.03-04.35.11:014][  0]LogD3D11RHI: RHI does not have support for 64 bit atomics
[2020.09.03-04.35.11:014][  0]LogD3D11RHI: Async texture creation enabled
[2020.09.03-04.35.11:026][  0]LogD3D11RHI: GPU Timing Frequency: 25.000000 (Debug: 2 1)
[2020.09.03-04.35.11:463][  0]LogTargetPlatformManager: Display: Loaded TargetPlatform 'AllDesktop'
[2020.09.03-04.35.11:516][  0]LogTargetPlatformManager: Display: Loaded TargetPlatform 'Android'
[2020.09.03-04.35.11:516][  0]LogTargetPlatformManager: Display: Loaded TargetPlatform 'Android_ASTC'
[2020.09.03-04.35.11:516][  0]LogTargetPlatformManager: Display: Loaded TargetPlatform 'Android_ATC'
[2020.09.03-04.35.11:516][  0]LogTargetPlatformManager: Display: Loaded TargetPlatform 'Android_DXT'
[2020.09.03-04.35.11:516][  0]LogTargetPlatformManager: Display: Loaded TargetPlatform 'Android_ETC1'
[2020.09.03-04.35.11:516][  0]LogTargetPlatformManager: Display: Loaded TargetPlatform 'Android_ETC1a'
[2020.09.03-04.35.11:516][  0]LogTargetPlatformManager: Display: Loaded TargetPlatform 'Android_ETC2'
[2020.09.03-04.35.11:516][  0]LogTargetPlatformManager: Display: Loaded TargetPlatform 'Android_PVRTC'
[2020.09.03-04.35.11:516][  0]LogTargetPlatformManager: Display: Loaded TargetPlatform 'AndroidClient'
[2020.09.03-04.35.11:516][  0]LogTargetPlatformManager: Display: Loaded TargetPlatform 'Android_ASTCClient'
[2020.09.03-04.35.11:516][  0]LogTargetPlatformManager: Display: Loaded TargetPlatform 'Android_ATCClient'
[2020.09.03-04.35.11:516][  0]LogTargetPlatformManager: Display: Loaded TargetPlatform 'Android_DXTClient'
[2020.09.03-04.35.11:516][  0]LogTargetPlatformManager: Display: Loaded TargetPlatform 'Android_ETC1Client'
[2020.09.03-04.35.11:516][  0]LogTargetPlatformManager: Display: Loaded TargetPlatform 'Android_ETC1aClient'
[2020.09.03-04.35.11:516][  0]LogTargetPlatformManager: Display: Loaded TargetPlatform 'Android_ETC2Client'
[2020.09.03-04.35.11:516][  0]LogTargetPlatformManager: Display: Loaded TargetPlatform 'Android_PVRTCClient'
[2020.09.03-04.35.11:516][  0]LogTargetPlatformManager: Display: Loaded TargetPlatform 'Android_Multi'
[2020.09.03-04.35.11:516][  0]LogTargetPlatformManager: Display: Loaded TargetPlatform 'Android_MultiClient'
[2020.09.03-04.35.11:546][  0]LogTargetPlatformManager: Display: Loaded TargetPlatform 'IOSClient'
[2020.09.03-04.35.11:546][  0]LogTargetPlatformManager: Display: Loaded TargetPlatform 'IOS'
[2020.09.03-04.35.11:556][  0]LogTargetPlatformManager: Display: Loaded TargetPlatform 'LinuxNoEditor'
[2020.09.03-04.35.11:565][  0]LogTargetPlatformManager: Display: Loaded TargetPlatform 'LinuxClient'
[2020.09.03-04.35.11:575][  0]LogTargetPlatformManager: Display: Loaded TargetPlatform 'LinuxServer'
[2020.09.03-04.35.11:585][  0]LogTargetPlatformManager: Display: Loaded TargetPlatform 'LinuxAArch64NoEditor'
[2020.09.03-04.35.11:595][  0]LogTargetPlatformManager: Display: Loaded TargetPlatform 'LinuxAArch64Client'
[2020.09.03-04.35.11:604][  0]LogTargetPlatformManager: Display: Loaded TargetPlatform 'LinuxAArch64Server'
[2020.09.03-04.35.11:637][  0]LogTargetPlatformManager: Display: Loaded TargetPlatform 'Lumin'
[2020.09.03-04.35.11:637][  0]LogTargetPlatformManager: Display: Loaded TargetPlatform 'LuminClient'
[2020.09.03-04.35.11:656][  0]LogTargetPlatformManager: Display: Loaded TargetPlatform 'TVOSClient'
[2020.09.03-04.35.11:656][  0]LogTargetPlatformManager: Display: Loaded TargetPlatform 'TVOS'
[2020.09.03-04.35.11:667][  0]LogTargetPlatformManager: Display: Loaded TargetPlatform 'WindowsNoEditor'
[2020.09.03-04.35.11:677][  0]LogTargetPlatformManager: Display: Loaded TargetPlatform 'Windows'
[2020.09.03-04.35.11:687][  0]LogTargetPlatformManager: Display: Loaded TargetPlatform 'WindowsClient'
[2020.09.03-04.35.11:697][  0]LogTargetPlatformManager: Display: Loaded TargetPlatform 'WindowsServer'
[2020.09.03-04.35.11:697][  0]LogTargetPlatformManager: Display: Building Assets For Windows
[2020.09.03-04.35.11:702][  0]LogAudioDebug: Display: Lib vorbis DLL was dynamically loaded.
[2020.09.03-04.35.11:741][  0]LogShaderCompilers: Guid format shader working directory is -58 characters bigger than the processId version (../../../../../../Users/Kevin/Documents/2020/Week5-Assessment2Test/Week5StartingPoint/Week5StartingPoint/Intermediate/Shaders/WorkingDirectory/4640/).
[2020.09.03-04.35.11:742][  0]LogShaderCompilers: Cleaned the shader compiler working directory 'C:/Users/Kevin/AppData/Local/Temp/UnrealShaderWorkingDir/451DAFFD4235A948D9E9CBB455462994/'.
[2020.09.03-04.35.11:742][  0]LogXGEController: Cleaning working directory: C:/Users/Kevin/AppData/Local/Temp/UnrealXGEWorkingDir/
[2020.09.03-04.35.11:743][  0]LogShaderCompilers: Display: Using XGE Shader Compiler (Interception Interface).
[2020.09.03-04.35.15:804][  0]LogDerivedDataCache: Display: Max Cache Size: 512 MB
[2020.09.03-04.35.16:085][  0]LogDerivedDataCache: Loaded boot cache 0.28s 78MB C:/Users/Kevin/AppData/Local/UnrealEngine/4.24/DerivedDataCache/Boot.ddc.
[2020.09.03-04.35.16:086][  0]LogDerivedDataCache: Display: Loaded Boot cache: C:/Users/Kevin/AppData/Local/UnrealEngine/4.24/DerivedDataCache/Boot.ddc
[2020.09.03-04.35.16:086][  0]LogDerivedDataCache: FDerivedDataBackendGraph:  Pak pak cache file ../../../../../../Users/Kevin/Documents/2020/Week5-Assessment2Test/Week5StartingPoint/Week5StartingPoint/DerivedDataCache/DDC.ddp not found, will not use a pak cache.
[2020.09.03-04.35.16:086][  0]LogDerivedDataCache: Unable to find inner node Pak for hierarchical cache Hierarchy.
[2020.09.03-04.35.16:086][  0]LogDerivedDataCache: FDerivedDataBackendGraph:  CompressedPak pak cache file ../../../../../../Users/Kevin/Documents/2020/Week5-Assessment2Test/Week5StartingPoint/Week5StartingPoint/DerivedDataCache/Compressed.ddp not found, will not use a pak cache.
[2020.09.03-04.35.16:086][  0]LogDerivedDataCache: Unable to find inner node CompressedPak for hierarchical cache Hierarchy.
[2020.09.03-04.35.16:098][  0]LogDerivedDataCache: Display: Pak cache opened for reading ../../../Engine/DerivedDataCache/Compressed.ddp.
[2020.09.03-04.35.16:098][  0]LogDerivedDataCache: FDerivedDataBackendGraph:  EnterprisePak pak cache file ../../../Enterprise/DerivedDataCache/Compressed.ddp not found, will not use a pak cache.
[2020.09.03-04.35.16:098][  0]LogDerivedDataCache: Unable to find inner node EnterprisePak for hierarchical cache Hierarchy.
[2020.09.03-04.35.16:100][  0]LogDerivedDataCache: Using Local data cache path C:/Users/Kevin/AppData/Local/UnrealEngine/Common/DerivedDataCache: Writable
[2020.09.03-04.35.16:100][  0]LogDerivedDataCache: Shared data cache path not found in *engine.ini, will not use an Shared cache.
[2020.09.03-04.35.16:100][  0]LogDerivedDataCache: Unable to find inner node Shared for hierarchical cache Hierarchy.
[2020.09.03-04.35.16:128][  0]LogMaterial: Verifying Global Shaders for PCD3D_SM5
[2020.09.03-04.35.16:132][  0]LogSlate: Using FreeType 2.10.0
[2020.09.03-04.35.16:132][  0]LogSlate: SlateFontServices - WITH_FREETYPE: 1, WITH_HARFBUZZ: 1
[2020.09.03-04.35.16:471][  0]LogAssetRegistry: FAssetRegistry took 0.0032 seconds to start up
[2020.09.03-04.35.16:840][  0]LogInit: Selected Device Profile: [Windows]
[2020.09.03-04.35.17:019][  0]LogMeshReduction: Using QuadricMeshReduction for automatic static mesh reduction
[2020.09.03-04.35.17:019][  0]LogMeshReduction: Using SimplygonMeshReduction for automatic skeletal mesh reduction
[2020.09.03-04.35.17:019][  0]LogMeshReduction: Using ProxyLODMeshReduction for automatic mesh merging
[2020.09.03-04.35.17:019][  0]LogMeshReduction: No distributed automatic mesh merging module available
[2020.09.03-04.35.17:019][  0]LogMeshMerging: No distributed automatic mesh merging module available
[2020.09.03-04.35.17:037][  0]LogNetVersion: AdvGamesProgramming 1.0.0, NetCL: 10570792, EngineNetVer: 13, GameNetVer: 0 (Checksum: 489682494)
[2020.09.03-04.35.30:837][  0]LogPackageLocalizationCache: Processed 10 localized package path(s) for 1 prioritized culture(s) in 0.062931 seconds
[2020.09.03-04.35.30:847][  0]LogUObjectArray: 46750 objects as part of root set at end of initial load.
[2020.09.03-04.35.30:847][  0]LogUObjectAllocator: 8137160 out of 0 bytes used by permanent object pool.
[2020.09.03-04.35.30:847][  0]LogUObjectArray: CloseDisregardForGC: 0/0 objects in disregard for GC pool
[2020.09.03-04.35.31:723][  0]LogTcpMessaging: Initializing TcpMessaging bridge
[2020.09.03-04.35.31:726][  0]LogUdpMessaging: Initializing bridge on interface 0.0.0.0:0 to multicast group 230.0.0.1:6666.
[2020.09.03-04.35.31:796][  0]SourceControl: Source control is disabled
[2020.09.03-04.35.31:796][  0]SourceControl: Source control is disabled
[2020.09.03-04.35.31:798][  0]SourceControl: Source control is disabled
[2020.09.03-04.35.31:800][  0]SourceControl: Source control is disabled
[2020.09.03-04.35.31:801][  0]SourceControl: Source control is disabled
[2020.09.03-04.35.32:059][  0]LogAndroidPermission: UAndroidPermissionCallbackProxy::GetInstance
[2020.09.03-04.35.32:075][  0]LogAudioCaptureCore: Display: No Audio Capture implementations found. Audio input will be silent.
[2020.09.03-04.35.32:075][  0]LogAudioCaptureCore: Display: No Audio Capture implementations found. Audio input will be silent.
[2020.09.03-04.35.32:181][  0]LogOcInput: OculusInput pre-init called
[2020.09.03-04.35.32:193][  0]LogWindows: Failed to load 'OVRPlugin.dll' (GetLastError=126)
[2020.09.03-04.35.32:193][  0]LogWindows: File 'OVRPlugin.dll' does not exist
[2020.09.03-04.35.32:304][  0]LogEngine: Initializing Engine...
[2020.09.03-04.35.32:305][  0]LogHMD: Failed to initialize OpenVR with code 110
[2020.09.03-04.35.32:306][  0]LogStats: UGameplayTagsManager::InitializeManager -  0.000 s
[2020.09.03-04.35.32:690][  0]LogInit: Initializing FReadOnlyCVARCache
[2020.09.03-04.35.32:698][  0]LogAIModule: Creating AISystem for world Untitled
[2020.09.03-04.35.32:709][  0]LogAudioMixer: Display: Audio Mixer Platform Settings:
[2020.09.03-04.35.32:709][  0]LogAudioMixer: Display: 	Sample Rate:						  48000
[2020.09.03-04.35.32:709][  0]LogAudioMixer: Display: 	Callback Buffer Frame Size Requested: 1024
[2020.09.03-04.35.32:709][  0]LogAudioMixer: Display: 	Callback Buffer Frame Size To Use:	  1024
[2020.09.03-04.35.32:709][  0]LogAudioMixer: Display: 	Number of buffers to queue:			  2
[2020.09.03-04.35.32:709][  0]LogAudioMixer: Display: 	Max Channels (voices):				  32
[2020.09.03-04.35.32:709][  0]LogAudioMixer: Display: 	Number of Async Source Workers:		  0
[2020.09.03-04.35.32:709][  0]LogAudio: Display: AudioDevice MaxSources: 32
[2020.09.03-04.35.32:709][  0]LogAudio: Display: Using built-in audio occlusion.
[2020.09.03-04.35.32:709][  0]LogAudioMixer: Display: Initializing audio mixer.
[2020.09.03-04.35.32:728][  0]LogAudioMixer: Display: Audio Device Output Speaker Info:
[2020.09.03-04.35.32:728][  0]LogAudioMixer: Display: Name: Speakers (Logitech G533 Gaming Headset)
[2020.09.03-04.35.32:728][  0]LogAudioMixer: Display: Is Default: Yes
[2020.09.03-04.35.32:728][  0]LogAudioMixer: Display: Sample Rate: 48000
[2020.09.03-04.35.32:728][  0]LogAudioMixer: Display: Channel Count Used: 8
[2020.09.03-04.35.32:728][  0]LogAudioMixer: Display: Device Channel Count: 8
[2020.09.03-04.35.32:728][  0]LogAudioMixer: Display: Channel Order:
[2020.09.03-04.35.32:728][  0]LogAudioMixer: Display: 0: FrontLeft
[2020.09.03-04.35.32:728][  0]LogAudioMixer: Display: 1: FrontRight
[2020.09.03-04.35.32:728][  0]LogAudioMixer: Display: 2: FrontCenter
[2020.09.03-04.35.32:728][  0]LogAudioMixer: Display: 3: LowFrequency
[2020.09.03-04.35.32:729][  0]LogAudioMixer: Display: 4: BackLeft
[2020.09.03-04.35.32:729][  0]LogAudioMixer: Display: 5: BackRight
[2020.09.03-04.35.32:729][  0]LogAudioMixer: Display: 6: SideLeft
[2020.09.03-04.35.32:729][  0]LogAudioMixer: Display: 7: SideRight
[2020.09.03-04.35.32:757][  0]LogAudioMixer: Display: Using Audio Device Speakers (Logitech G533 Gaming Headset)
[2020.09.03-04.35.32:762][  0]LogInit: FAudioDevice initialized.
[2020.09.03-04.35.32:762][  0]LogNetVersion: Set ProjectVersion to 1.0.0.0. Version Checksum will be recalculated on next use.
[2020.09.03-04.35.32:912][  0]LogDerivedDataCache: Saved boot cache 0.15s 78MB C:/Users/Kevin/AppData/Local/UnrealEngine/4.24/DerivedDataCache/Boot.ddc.
[2020.09.03-04.35.32:915][  0]LogInit: Texture streaming: Enabled
[2020.09.03-04.35.32:931][  0]LogEngineSessionManager: EngineSessionManager initialized
[2020.09.03-04.35.32:931][  0]LogEngineSessionManager: EngineSessionManager sent abnormal shutdown report. Type=Crashed, SessionId={1284B2EF-43E7-AC9D-9DCB-D5AC10E3006B}
[2020.09.03-04.35.32:931][  0]LogEditorSessionSummary: Verbose: Initializing EditorSessionSummaryWriter for editor session tracking
[2020.09.03-04.35.32:967][  0]LogEditorSessionSummary: EditorSessionSummaryWriter initialized
[2020.09.03-04.35.33:020][  0]LogInit: Transaction tracking system initialized
[2020.09.03-04.35.33:034][  0]BlueprintLog: New page: Editor Load
[2020.09.03-04.35.33:076][  0]LocalizationService: Localization service is disabled
[2020.09.03-04.35.33:493][  0]LogFileCache: Scanning file cache for directory 'C:/Users/Kevin/Documents/2020/Week5-Assessment2Test/Week5StartingPoint/Week5StartingPoint/Content/' took 0.01s
[2020.09.03-04.35.33:493][  0]LogCook: Display: Max memory allowance for cook 16384mb min free memory 0mb
[2020.09.03-04.35.33:493][  0]LogCook: Display: Mobile HDR setting 1
[2020.09.03-04.35.34:995][  0]SourceControl: Source control is disabled
[2020.09.03-04.35.34:995][  0]Cmd: MAP LOAD FILE="../../../../../../Users/Kevin/Documents/2020/Week5-Assessment2Test/Week5StartingPoint/Week5StartingPoint/Content/Levels/TestingMap.umap" TEMPLATE=0 SHOWPROGRESS=1 FEATURELEVEL=3
[2020.09.03-04.35.34:995][  0]LightingResults: New page: Lighting Build
[2020.09.03-04.35.34:996][  0]LogWorld: UWorld::CleanupWorld for Untitled, bSessionEnded=true, bCleanupResources=true
[2020.09.03-04.35.34:996][  0]LogSlate: InvalidateAllWidgets triggered.  All widgets were invalidated
[2020.09.03-04.35.34:996][  0]MapCheck: New page: Map Check
[2020.09.03-04.35.34:996][  0]LightingResults: New page: Lighting Build
[2020.09.03-04.35.35:035][  0]LogUObjectHash: Compacting FUObjectHashTables data took   1.89ms
[2020.09.03-04.35.35:204][  0]LogBlueprint: Warning: [Compiler Ue4ASP_Character] InputAction Event references unknown Action 'Crouch' for  InputAction Crouch
[2020.09.03-04.35.35:205][  0]LogBlueprint: Warning: [Compiler Ue4ASP_Character] Input Axis Event references unknown Axis 'MoveRight' for  InputAxis MoveRight
[2020.09.03-04.35.35:921][  0]LogAIModule: Creating AISystem for world TestingMap
[2020.09.03-04.35.35:942][  0]LogEditorServer: Finished looking for orphan Actors (0.000 secs)
[2020.09.03-04.35.35:991][  0]LogUObjectHash: Compacting FUObjectHashTables data took   3.03ms
[2020.09.03-04.35.35:992][  0]Cmd: MAP CHECKDEP NOCLEARLOG
[2020.09.03-04.35.35:992][  0]MapCheck: Map check complete: 0 Error(s), 0 Warning(s), took 0.29ms to complete.
[2020.09.03-04.35.35:992][  0]LogFileHelpers: Loading map 'TestingMap' took 0.997
[2020.09.03-04.35.36:163][  0]LogSlate: Updating window title bar state: overlay mode, drag disabled, window buttons hidden, title bar hidden
[2020.09.03-04.35.36:171][  0]LogSlate: Updating window title bar state: overlay mode, drag disabled, window buttons hidden, title bar hidden
[2020.09.03-04.35.36:178][  0]LogSlate: Updating window title bar state: overlay mode, drag disabled, window buttons hidden, title bar hidden
[2020.09.03-04.35.36:185][  0]LogSlate: Updating window title bar state: overlay mode, drag disabled, window buttons hidden, title bar hidden
[2020.09.03-04.35.36:192][  0]LogCollectionManager: Loaded 0 collections in 0.001411 seconds
[2020.09.03-04.35.36:207][  0]LogFileCache: Scanning file cache for directory 'C:/Users/Kevin/Documents/2020/Week5-Assessment2Test/Week5StartingPoint/Week5StartingPoint/Saved/Collections/' took 0.00s
[2020.09.03-04.35.36:207][  0]LogFileCache: Scanning file cache for directory 'C:/Users/Kevin/Documents/2020/Week5-Assessment2Test/Week5StartingPoint/Week5StartingPoint/Content/Developers/Kevin/Collections/' took 0.00s
[2020.09.03-04.35.36:207][  0]LogFileCache: Scanning file cache for directory 'C:/Users/Kevin/Documents/2020/Week5-Assessment2Test/Week5StartingPoint/Week5StartingPoint/Content/Collections/' took 0.00s
[2020.09.03-04.35.36:207][  0]LogContentBrowser: Native class hierarchy populated in 0.0106 seconds. Added 3022 classes and 719 folders.
[2020.09.03-04.35.36:210][  0]LogContentBrowser: Native class hierarchy updated for 'WidgetCarousel' in 0.0005 seconds. Added 0 classes and 0 folders.
[2020.09.03-04.35.36:858][  0]LogContentBrowser: Native class hierarchy updated for 'AddContentDialog' in 0.0005 seconds. Added 0 classes and 0 folders.
[2020.09.03-04.35.36:865][  0]LogContentBrowser: Native class hierarchy updated for 'SceneOutliner' in 0.0006 seconds. Added 2 classes and 3 folders.
[2020.09.03-04.35.36:950][  0]LogSlate: Took 0.000258 seconds to synchronously load lazily loaded font '../../../Engine/Content/Slate/Fonts/Roboto-Regular.ttf' (155K)
[2020.09.03-04.35.36:952][  0]LogSlate: Took 0.000212 seconds to synchronously load lazily loaded font '../../../Engine/Content/Slate/Fonts/Roboto-Bold.ttf' (160K)
[2020.09.03-04.35.36:968][  0]LogSlate: Took 0.011612 seconds to synchronously load lazily loaded font '../../../Engine/Content/Editor/Slate/Fonts/FontAwesome.ttf' (139K)
[2020.09.03-04.35.37:057][  0]LogRenderer: Reallocating scene render targets to support 1208x652 Format 10 NumSamples 1 (Frame:1).
[2020.09.03-04.35.37:108][  0]LogSlate: Took 0.000312 seconds to synchronously load lazily loaded font '../../../Engine/Content/Slate/Fonts/Roboto-Light.ttf' (167K)
[2020.09.03-04.35.37:178][  0]LogContentBrowser: Native class hierarchy updated for 'HierarchicalLODOutliner' in 0.0007 seconds. Added 0 classes and 0 folders.
[2020.09.03-04.35.37:178][  0]LogLoad: (Engine Initialization) Total time: 31.89 seconds
[2020.09.03-04.35.37:178][  0]LogLoad: (Engine Initialization) Total Blueprint compile time: 0.00 seconds
[2020.09.03-04.35.37:251][  0]LogContentStreaming: Texture pool size now 1000 MB
[2020.09.03-04.35.37:843][ 10]LogAssetRegistry: Asset discovery search completed in 21.3730 seconds
[2020.09.03-04.35.37:846][ 10]LogCollectionManager: Fixed up redirectors for 0 collections in 0.000008 seconds (updated 0 objects)
[2020.09.03-04.36.25:143][235]Candidate modules for hot reload:
[2020.09.03-04.36.25:143][235]  AdvGamesProgramming
[2020.09.03-04.36.25:143][235]Launching UnrealBuildTool... [C:/Program Files/Epic Games/UE_4.24/Engine/Binaries/DotNET/UnrealBuildTool.exe  -ModuleWithSuffix=AdvGamesProgramming,9622 Win64 Development -TargetType=Editor -Project="C:/Users/Kevin/Documents/2020/Week5-Assessment2Test/Week5StartingPoint/Week5StartingPoint/AdvGamesProgramming.uproject" "C:/Users/Kevin/Documents/2020/Week5-Assessment2Test/Week5StartingPoint/Week5StartingPoint/AdvGamesProgramming.uproject"  -IgnoreJunk]
[2020.09.03-04.36.25:228][235]Warning: Starting HotReload took  0.1s.
[2020.09.03-04.36.30:079][429]CompilerResultsLog: New page: Compilation - 4 Sep 2020, 12:36:30 am
[2020.09.03-04.36.30:079][429]CompilerResultsLog: Building AdvGamesProgrammingEditor...
[2020.09.03-04.36.30:079][429]CompilerResultsLog: Using Visual Studio 2019 14.27.29111 toolchain (C:\Program Files (x86)\Microsoft Visual Studio\2019\Community\VC\Tools\MSVC\14.27.29110) and Windows 10.0.18362.0 SDK (C:\Program Files (x86)\Windows Kits\10).
[2020.09.03-04.36.30:079][429]CompilerResultsLog: Distributing 4 actions to XGE
[2020.09.03-04.36.30:079][429]CompilerResultsLog: --------------------Build System Warning---------------------------------------
[2020.09.03-04.36.30:079][429]CompilerResultsLog: License is invalid:
[2020.09.03-04.36.30:079][429]CompilerResultsLog:     License information is invalid. Please try reloading your license file using the Coordinator Monitor application on the Coordinator machine, or reinstall IncrediBuild.
[2020.09.03-04.36.30:079][429]CompilerResultsLog:     This build will run in standalone mode.
[2020.09.03-04.36.30:079][429]CompilerResultsLog: 
[2020.09.03-04.36.30:079][429]CompilerResultsLog: -------------------------------------------------------------------------------
[2020.09.03-04.36.30:079][429]CompilerResultsLog: --------------------Project: Default-------------------------------------------
[2020.09.03-04.36.30:079][429]CompilerResultsLog: EnemyCharacter.cpp (0:01.40 at +0:00)
[2020.09.03-04.36.30:079][429]CompilerResultsLog: Error: C:\Users\Kevin\Documents\2020\Week5-Assessment2Test\Week5StartingPoint\Week5StartingPoint\Source\AdvGamesProgramming\EnemyCharacter.cpp(144) : error C2039: 'HealthComponent': is not a member of 'AActor'
[2020.09.03-04.36.30:079][429]CompilerResultsLog: C:\Users\Kevin\Documents\2020\Week5-Assessment2Test\Week5StartingPoint\Week5StartingPoint\Intermediate\Build\Win64\UE4Editor\Inc\AdvGamesProgramming\EnemyCharacter.generated.h(11): note: see declaration of 'AActor'
[2020.09.03-04.36.30:079][429]CompilerResultsLog: 
[2020.09.03-04.36.30:079][429]CompilerResultsLog: Error executing C:\Program Files\Epic Games\UE_4.24\Engine\Build\Windows\cl-filter\cl-filter.exe (tool returned code: 2)
[2020.09.03-04.36.30:079][429]CompilerResultsLog: ---------------------- Done ----------------------
[2020.09.03-04.36.30:079][429]CompilerResultsLog: 
[2020.09.03-04.36.30:079][429]CompilerResultsLog:     Rebuild All: 0 succeeded, 1 failed, 0 skipped
[2020.09.03-04.36.30:079][429]CompilerResultsLog: 
[2020.09.03-04.36.30:079][429]CompilerResultsLog: 1 build system warning(s):
[2020.09.03-04.36.30:079][429]CompilerResultsLog:    - License is invalid
[2020.09.03-04.36.30:079][429]CompilerResultsLog: 
[2020.09.03-04.36.30:079][429]LogMainFrame: MainFrame: Module compiling took 4.940 seconds
[2020.09.03-04.36.30:079][429]Warning: HotReload failed, recompile failed
[2020.09.03-04.36.54:323][601]Candidate modules for hot reload:
[2020.09.03-04.36.54:323][601]  AdvGamesProgramming
[2020.09.03-04.36.54:323][601]Launching UnrealBuildTool... [C:/Program Files/Epic Games/UE_4.24/Engine/Binaries/DotNET/UnrealBuildTool.exe  -ModuleWithSuffix=AdvGamesProgramming,7192 Win64 Development -TargetType=Editor -Project="C:/Users/Kevin/Documents/2020/Week5-Assessment2Test/Week5StartingPoint/Week5StartingPoint/AdvGamesProgramming.uproject" "C:/Users/Kevin/Documents/2020/Week5-Assessment2Test/Week5StartingPoint/Week5StartingPoint/AdvGamesProgramming.uproject"  -IgnoreJunk]
[2020.09.03-04.36.54:386][601]Warning: Starting HotReload took  0.1s.
[2020.09.03-04.36.59:763][ 50]CompilerResultsLog: New page: Compilation - 4 Sep 2020, 12:36:59 am
[2020.09.03-04.36.59:763][ 50]CompilerResultsLog: Building AdvGamesProgrammingEditor...
[2020.09.03-04.36.59:763][ 50]CompilerResultsLog: Using Visual Studio 2019 14.27.29111 toolchain (C:\Program Files (x86)\Microsoft Visual Studio\2019\Community\VC\Tools\MSVC\14.27.29110) and Windows 10.0.18362.0 SDK (C:\Program Files (x86)\Windows Kits\10).
[2020.09.03-04.36.59:763][ 50]CompilerResultsLog: Distributing 4 actions to XGE
[2020.09.03-04.36.59:763][ 50]CompilerResultsLog: --------------------Build System Warning---------------------------------------
[2020.09.03-04.36.59:763][ 50]CompilerResultsLog: License is invalid:
[2020.09.03-04.36.59:763][ 50]CompilerResultsLog:     License information is invalid. Please try reloading your license file using the Coordinator Monitor application on the Coordinator machine, or reinstall IncrediBuild.
[2020.09.03-04.36.59:764][ 50]CompilerResultsLog:     This build will run in standalone mode.
[2020.09.03-04.36.59:764][ 50]CompilerResultsLog: 
[2020.09.03-04.36.59:764][ 50]CompilerResultsLog: -------------------------------------------------------------------------------
[2020.09.03-04.36.59:764][ 50]CompilerResultsLog: --------------------Project: Default-------------------------------------------
[2020.09.03-04.36.59:764][ 50]CompilerResultsLog: EnemyCharacter.cpp (0:01.92 at +0:00)
[2020.09.03-04.36.59:764][ 50]CompilerResultsLog: Error: C:\Users\Kevin\Documents\2020\Week5-Assessment2Test\Week5StartingPoint\Week5StartingPoint\Source\AdvGamesProgramming\EnemyCharacter.cpp(144) : error C2039: 'HealthComponent': is not a member of 'AActor'
[2020.09.03-04.36.59:764][ 50]CompilerResultsLog: C:\Users\Kevin\Documents\2020\Week5-Assessment2Test\Week5StartingPoint\Week5StartingPoint\Intermediate\Build\Win64\UE4Editor\Inc\AdvGamesProgramming\EnemyCharacter.generated.h(11): note: see declaration of 'AActor'
[2020.09.03-04.36.59:764][ 50]CompilerResultsLog: 
[2020.09.03-04.36.59:764][ 50]CompilerResultsLog: Error executing C:\Program Files\Epic Games\UE_4.24\Engine\Build\Windows\cl-filter\cl-filter.exe (tool returned code: 2)
[2020.09.03-04.36.59:764][ 50]CompilerResultsLog: ---------------------- Done ----------------------
[2020.09.03-04.36.59:764][ 50]CompilerResultsLog: 
[2020.09.03-04.36.59:764][ 50]CompilerResultsLog:     Rebuild All: 0 succeeded, 1 failed, 0 skipped
[2020.09.03-04.36.59:764][ 50]CompilerResultsLog: 
[2020.09.03-04.36.59:764][ 50]CompilerResultsLog: 1 build system warning(s):
[2020.09.03-04.36.59:764][ 50]CompilerResultsLog:    - License is invalid
[2020.09.03-04.36.59:764][ 50]CompilerResultsLog: 
[2020.09.03-04.36.59:764][ 50]LogMainFrame: MainFrame: Module compiling took 5.445 seconds
[2020.09.03-04.36.59:764][ 50]Warning: HotReload failed, recompile failed
[2020.09.03-04.37.11:052][110]LogSlate: Window 'Message Log' being destroyed
[2020.09.03-04.37.11:056][110]LogSlate: Window 'Message Log' being destroyed
[2020.09.03-04.39.14:790][754]Candidate modules for hot reload:
[2020.09.03-04.39.14:790][754]  AdvGamesProgramming
[2020.09.03-04.39.14:791][754]Launching UnrealBuildTool... [C:/Program Files/Epic Games/UE_4.24/Engine/Binaries/DotNET/UnrealBuildTool.exe  -ModuleWithSuffix=AdvGamesProgramming,4879 Win64 Development -TargetType=Editor -Project="C:/Users/Kevin/Documents/2020/Week5-Assessment2Test/Week5StartingPoint/Week5StartingPoint/AdvGamesProgramming.uproject" "C:/Users/Kevin/Documents/2020/Week5-Assessment2Test/Week5StartingPoint/Week5StartingPoint/AdvGamesProgramming.uproject"  -IgnoreJunk]
[2020.09.03-04.39.14:854][754]Warning: Starting HotReload took  0.1s.
[2020.09.03-04.39.20:117][881]CompilerResultsLog: New page: Compilation - 4 Sep 2020, 12:39:20 am
[2020.09.03-04.39.20:117][881]CompilerResultsLog: Building AdvGamesProgrammingEditor...
[2020.09.03-04.39.20:117][881]CompilerResultsLog: Using Visual Studio 2019 14.27.29111 toolchain (C:\Program Files (x86)\Microsoft Visual Studio\2019\Community\VC\Tools\MSVC\14.27.29110) and Windows 10.0.18362.0 SDK (C:\Program Files (x86)\Windows Kits\10).
[2020.09.03-04.39.20:117][881]CompilerResultsLog: Distributing 4 actions to XGE
[2020.09.03-04.39.20:117][881]CompilerResultsLog: --------------------Build System Warning---------------------------------------
[2020.09.03-04.39.20:117][881]CompilerResultsLog: License is invalid:
[2020.09.03-04.39.20:117][881]CompilerResultsLog:     License information is invalid. Please try reloading your license file using the Coordinator Monitor application on the Coordinator machine, or reinstall IncrediBuild.
[2020.09.03-04.39.20:117][881]CompilerResultsLog:     This build will run in standalone mode.
[2020.09.03-04.39.20:117][881]CompilerResultsLog: 
[2020.09.03-04.39.20:117][881]CompilerResultsLog: -------------------------------------------------------------------------------
[2020.09.03-04.39.20:117][881]CompilerResultsLog: --------------------Project: Default-------------------------------------------
[2020.09.03-04.39.20:117][881]CompilerResultsLog: EnemyCharacter.cpp (0:01.42 at +0:00)
[2020.09.03-04.39.20:117][881]CompilerResultsLog: Error: C:\Users\Kevin\Documents\2020\Week5-Assessment2Test\Week5StartingPoint\Week5StartingPoint\Source\AdvGamesProgramming\EnemyCharacter.cpp(144) : error C3867: 'AActor::GetAllChildActors': non-standard syntax; use '&' to create a pointer to member
[2020.09.03-04.39.20:117][881]CompilerResultsLog: Error: C:\Users\Kevin\Documents\2020\Week5-Assessment2Test\Week5StartingPoint\Week5StartingPoint\Source\AdvGamesProgramming\EnemyCharacter.cpp(144) : error C2109: subscript requires array or pointer type
[2020.09.03-04.39.20:117][881]CompilerResultsLog: 
[2020.09.03-04.39.20:117][881]CompilerResultsLog: Error executing C:\Program Files\Epic Games\UE_4.24\Engine\Build\Windows\cl-filter\cl-filter.exe (tool returned code: 2)
[2020.09.03-04.39.20:117][881]CompilerResultsLog: ---------------------- Done ----------------------
[2020.09.03-04.39.20:117][881]CompilerResultsLog: 
[2020.09.03-04.39.20:118][881]CompilerResultsLog:     Rebuild All: 0 succeeded, 1 failed, 0 skipped
[2020.09.03-04.39.20:118][881]CompilerResultsLog: 
[2020.09.03-04.39.20:118][881]CompilerResultsLog: 1 build system warning(s):
[2020.09.03-04.39.20:118][881]CompilerResultsLog:    - License is invalid
[2020.09.03-04.39.20:118][881]CompilerResultsLog: 
[2020.09.03-04.39.20:118][881]LogMainFrame: MainFrame: Module compiling took 5.330 seconds
[2020.09.03-04.39.20:118][881]Warning: HotReload failed, recompile failed
[2020.09.03-04.55.29:153][972]LogSlate: Window 'Message Log' being destroyed
[2020.09.03-04.55.29:158][972]LogSlate: Window 'Message Log' being destroyed
[2020.09.03-04.55.30:304][105]LogSlate: Took 0.000296 seconds to synchronously load lazily loaded font '../../../Engine/Content/Slate/Fonts/Roboto-Light.ttf' (167K)
[2020.09.03-04.55.30:318][105]LogAssetEditorSubsystem: Opening Asset editor for Class /Script/AdvGamesProgramming.EnemyCharacter
[2020.09.03-04.55.37:701][717]LogAssetEditorSubsystem: Opening Asset editor for Blueprint /Game/Blueprints/EnemyCharacterBlueprint.EnemyCharacterBlueprint
[2020.09.03-04.55.37:920][717]LogContentBrowser: Native class hierarchy updated for 'BlueprintGraph' in 0.0008 seconds. Added 121 classes and 0 folders.
[2020.09.03-04.55.38:919][717]LogSlate: Took 0.000306 seconds to synchronously load lazily loaded font '../../../Engine/Content/Slate/Fonts/Roboto-BoldCondensed.ttf' (158K)
[2020.09.03-04.55.38:975][718]LogSlate: Took 0.000346 seconds to synchronously load lazily loaded font '../../../Engine/Content/Slate/Fonts/Roboto-Italic.ttf' (157K)
[2020.09.03-05.00.46:662][977]LogSlate: Window 'EnemyCharacterBlueprint' being destroyed
[2020.09.03-05.00.46:669][977]LogSlate: Window 'EnemyCharacterBlueprint' being destroyed
[2020.09.03-05.00.46:680][977]LogWorld: UWorld::CleanupWorld for World_3, bSessionEnded=true, bCleanupResources=true
[2020.09.03-05.00.46:680][977]LogSlate: InvalidateAllWidgets triggered.  All widgets were invalidated
[2020.09.03-05.02.19:832][477]LogAssetEditorSubsystem: Opening Asset editor for Blueprint /Game/Blueprints/EnemyCharacterBlueprint.EnemyCharacterBlueprint
[2020.09.03-05.03.07:107][117]LogUObjectHash: Compacting FUObjectHashTables data took   4.61ms
[2020.09.03-05.03.07:113][117]LogFileHelpers: Editor autosave (incl. sublevels) for '/Game/Levels/TestingMap' took 0.056
[2020.09.03-05.03.07:113][117]OBJ SavePackage: Generating thumbnails for [1] asset(s) in package [/Game/Blueprints/EnemyCharacterBlueprint] ([1] browsable assets)...
[2020.09.03-05.03.07:133][117]OBJ SavePackage:     Rendered thumbnail for [Blueprint /Game/Blueprints/EnemyCharacterBlueprint.EnemyCharacterBlueprint]
[2020.09.03-05.03.07:133][117]OBJ SavePackage: Finished generating thumbnails for package [/Game/Blueprints/EnemyCharacterBlueprint]
[2020.09.03-05.03.07:164][117]LogSavePackage: Moving '../../../../../../Users/Kevin/Documents/2020/Week5-Assessment2Test/Week5StartingPoint/Week5StartingPoint/Saved/EnemyCharacterBlueprint_Auto1E743403F429CC34C5927A7AF055C3F02.tmp' to '../../../../../../Users/Kevin/Documents/2020/Week5-Assessment2Test/Week5StartingPoint/Week5StartingPoint/Saved/Autosaves/Game/Blueprints/EnemyCharacterBlueprint_Auto1.uasset'
[2020.09.03-05.03.07:167][117]LogFileHelpers: Auto-saving content packages took 0.055
[2020.09.03-05.08.31:350][905]LogSlate: Took 0.010959 seconds to synchronously load lazily loaded font '../../../Engine/Content/Slate/Fonts/DroidSansMono.ttf' (77K)
[2020.09.03-05.15.59:152][471]BlueprintLog: New page: Compile EnemyCharacterBlueprint
[2020.09.03-05.15.59:489][471]LogUObjectHash: Compacting FUObjectHashTables data took   4.03ms
[2020.09.03-05.15.59:887][504]LogSavePackage: Moving '../../../../../../Users/Kevin/Documents/2020/Week5-Assessment2Test/Week5StartingPoint/Week5StartingPoint/Saved/EnemyCharacterBlueprintD4FA4F564062629F5529B898755EF948.tmp' to '../../../../../../Users/Kevin/Documents/2020/Week5-Assessment2Test/Week5StartingPoint/Week5StartingPoint/Content/Blueprints/EnemyCharacterBlueprint.uasset'
[2020.09.03-05.15.59:913][504]AssetCheck: New page: Asset Save: EnemyCharacterBlueprint
[2020.09.03-05.15.59:913][504]LogContentValidation: Display: Validating Blueprint /Game/Blueprints/EnemyCharacterBlueprint.EnemyCharacterBlueprint
[2020.09.03-05.20.23:301][306]LogAssetEditorSubsystem: Opening Asset editor for Class /Script/AdvGamesProgramming.HealthComponent
[2020.09.03-05.21.03:664][535]LogEditorViewport: Clicking on Actor (LMB): StaticMeshActor (Floor)
[2020.09.03-05.21.04:596][626]Candidate modules for hot reload:
[2020.09.03-05.21.04:597][626]  AdvGamesProgramming
[2020.09.03-05.21.04:597][626]Launching UnrealBuildTool... [C:/Program Files/Epic Games/UE_4.24/Engine/Binaries/DotNET/UnrealBuildTool.exe  -ModuleWithSuffix=AdvGamesProgramming,2629 Win64 Development -TargetType=Editor -Project="C:/Users/Kevin/Documents/2020/Week5-Assessment2Test/Week5StartingPoint/Week5StartingPoint/AdvGamesProgramming.uproject" "C:/Users/Kevin/Documents/2020/Week5-Assessment2Test/Week5StartingPoint/Week5StartingPoint/AdvGamesProgramming.uproject"  -IgnoreJunk]
[2020.09.03-05.21.04:711][626]Warning: Starting HotReload took  0.1s.
[2020.09.03-05.21.29:704][858]CompilerResultsLog: New page: Compilation - 4 Sep 2020, 1:21:29 am
[2020.09.03-05.21.29:704][858]CompilerResultsLog: Parsing headers for AdvGamesProgrammingEditor
[2020.09.03-05.21.29:704][858]CompilerResultsLog:   Running UnrealHeaderTool "C:\Users\Kevin\Documents\2020\Week5-Assessment2Test\Week5StartingPoint\Week5StartingPoint\AdvGamesProgramming.uproject" "C:\Users\Kevin\Documents\2020\Week5-Assessment2Test\Week5StartingPoint\Week5StartingPoint\Intermediate\Build\Win64\AdvGamesProgrammingEditor\Development\AdvGamesProgrammingEditor.uhtmanifest" -LogCmds="loginit warning, logexit warning, logdatabase error" -Unattended -WarningsAsErrors -installed
[2020.09.03-05.21.29:704][858]CompilerResultsLog: Reflection code generated for AdvGamesProgrammingEditor in 8.6379519 seconds
[2020.09.03-05.21.29:705][858]CompilerResultsLog: Building AdvGamesProgrammingEditor...
[2020.09.03-05.21.29:705][858]CompilerResultsLog: Using Visual Studio 2019 14.27.29111 toolchain (C:\Program Files (x86)\Microsoft Visual Studio\2019\Community\VC\Tools\MSVC\14.27.29110) and Windows 10.0.18362.0 SDK (C:\Program Files (x86)\Windows Kits\10).
[2020.09.03-05.21.29:705][858]CompilerResultsLog: Distributing 7 actions to XGE
[2020.09.03-05.21.29:705][858]CompilerResultsLog: --------------------Build System Warning---------------------------------------
[2020.09.03-05.21.29:705][858]CompilerResultsLog: License is invalid:
[2020.09.03-05.21.29:705][858]CompilerResultsLog:     License information is invalid. Please try reloading your license file using the Coordinator Monitor application on the Coordinator machine, or reinstall IncrediBuild.
[2020.09.03-05.21.29:705][858]CompilerResultsLog:     This build will run in standalone mode.
[2020.09.03-05.21.29:705][858]CompilerResultsLog: 
[2020.09.03-05.21.29:705][858]CompilerResultsLog: -------------------------------------------------------------------------------
[2020.09.03-05.21.29:705][858]CompilerResultsLog: --------------------Project: Default-------------------------------------------
[2020.09.03-05.21.29:705][858]CompilerResultsLog: EnemyCharacter.gen.cpp (0:02.73 at +0:00)
[2020.09.03-05.21.29:705][858]CompilerResultsLog: AdvGamesProgramming.init.gen.cpp (0:00.79 at +0:02)
[2020.09.03-05.21.29:705][858]CompilerResultsLog: EnemyCharacter.cpp (0:02.12 at +0:03)
[2020.09.03-05.21.29:705][858]CompilerResultsLog: AIManager.cpp (0:01.73 at +0:05)
[2020.09.03-05.21.29:705][858]CompilerResultsLog: UE4Editor-AdvGamesProgramming-2629.dll (0:03.21 at +0:07)
[2020.09.03-05.21.29:705][858]CompilerResultsLog:    Creating library C:\Users\Kevin\Documents\2020\Week5-Assessment2Test\Week5StartingPoint\Week5StartingPoint\Intermediate\Build\Win64\UE4Editor\Development\AdvGamesProgramming\UE4Editor-AdvGamesProgramming-2629.suppressed.lib and object C:\Users\Kevin\Documents\2020\Week5-Assessment2Test\Week5StartingPoint\Week5StartingPoint\Intermediate\Build\Win64\UE4Editor\Development\AdvGamesProgramming\UE4Editor-AdvGamesProgramming-2629.suppressed.exp
[2020.09.03-05.21.29:705][858]CompilerResultsLog: UE4Editor-AdvGamesProgramming-2629.lib (0:00.28 at +0:10)
[2020.09.03-05.21.29:705][858]CompilerResultsLog:    Creating library C:\Users\Kevin\Documents\2020\Week5-Assessment2Test\Week5StartingPoint\Week5StartingPoint\Intermediate\Build\Win64\UE4Editor\Development\AdvGamesProgramming\UE4Editor-AdvGamesProgramming-2629.lib and object C:\Users\Kevin\Documents\2020\Week5-Assessment2Test\Week5StartingPoint\Week5StartingPoint\Intermediate\Build\Win64\UE4Editor\Development\AdvGamesProgramming\UE4Editor-AdvGamesProgramming-2629.exp
[2020.09.03-05.21.29:705][858]CompilerResultsLog: AdvGamesProgrammingEditor.target (0:00.48 at +0:10)
[2020.09.03-05.21.29:705][858]CompilerResultsLog: ---------------------- Done ----------------------
[2020.09.03-05.21.29:705][858]CompilerResultsLog: 
[2020.09.03-05.21.29:705][858]CompilerResultsLog:     Rebuild All: 1 succeeded, 0 failed, 0 skipped
[2020.09.03-05.21.29:705][858]CompilerResultsLog: 
[2020.09.03-05.21.29:705][858]CompilerResultsLog: 1 build system warning(s):
[2020.09.03-05.21.29:705][858]CompilerResultsLog:    - License is invalid
[2020.09.03-05.21.29:705][858]CompilerResultsLog: 
[2020.09.03-05.21.29:705][858]CompilerResultsLog: Total time in XGE executor: 14.46 seconds
[2020.09.03-05.21.29:705][858]CompilerResultsLog: Total execution time: 24.49 seconds
[2020.09.03-05.21.29:705][858]LogMainFrame: MainFrame: Module compiling took 25.112 seconds
[2020.09.03-05.21.29:753][858]LogUObjectHash: Compacting FUObjectHashTables data took   3.96ms
[2020.09.03-05.21.29:764][858]LogClass: Could not find existing class EnemyCharacter in package /Script/AdvGamesProgramming for HotReload, assuming new class
[2020.09.03-05.21.29:764][858]LogClass: Function SensePlayer is new.
[2020.09.03-05.21.29:774][858]LogClass: AgentState HotReload.
[2020.09.03-05.21.29:787][858]LogHotReload: Re-instancing EnemyCharacter after hot-reload.
[2020.09.03-05.21.30:328][858]LogContentBrowser: Native class hierarchy updated for 'AdvGamesProgramming' in 0.0006 seconds. Added 7 classes and 2 folders.
[2020.09.03-05.21.30:333][858]Display: HotReload successful (2 functions remapped  0 scriptstructs remapped)
[2020.09.03-05.21.30:465][858]LogUObjectHash: Compacting FUObjectHashTables data took   4.00ms
[2020.09.03-05.21.30:478][858]LogContentBrowser: Native class hierarchy populated in 0.0129 seconds. Added 3024 classes and 722 folders.
[2020.09.03-05.21.30:488][858]Display: HotReload took 25.9s.
[2020.09.03-05.21.35:309][100]LogTemp: Repeating last play command: Selected Viewport
[2020.09.03-05.21.35:328][100]LogPlayLevel: PlayLevel: No blueprints needed recompiling
[2020.09.03-05.21.35:328][100]PIE: New page: PIE session: TestingMap (4 Sep 2020, 1:21:35 am)
[2020.09.03-05.21.35:332][100]LogOnline: OSS: Creating online subsystem instance for: NULL
[2020.09.03-05.21.35:332][100]LogOnline: OSS: TryLoadSubsystemAndSetDefault: Loaded subsystem for module [NULL]
[2020.09.03-05.21.35:332][100]LogPlayLevel: Creating play world package: /Game/Levels/UEDPIE_0_TestingMap
[2020.09.03-05.21.35:379][100]LogPlayLevel: PIE: StaticDuplicateObject took: (0.046348s)
[2020.09.03-05.21.35:380][100]LogAIModule: Creating AISystem for world TestingMap
[2020.09.03-05.21.35:380][100]LogPlayLevel: PIE: World Init took: (0.001160s)
[2020.09.03-05.21.35:380][100]LogPlayLevel: PIE: Created PIE world by copying editor world from /Game/Levels/TestingMap.TestingMap to /Game/Levels/UEDPIE_0_TestingMap.TestingMap (0.047846s)
[2020.09.03-05.21.35:447][100]LogUObjectHash: Compacting FUObjectHashTables data took   4.26ms
[2020.09.03-05.21.35:449][100]LogAudioMixer: Display: Audio Mixer Platform Settings:
[2020.09.03-05.21.35:449][100]LogAudioMixer: Display: 	Sample Rate:						  48000
[2020.09.03-05.21.35:449][100]LogAudioMixer: Display: 	Callback Buffer Frame Size Requested: 1024
[2020.09.03-05.21.35:449][100]LogAudioMixer: Display: 	Callback Buffer Frame Size To Use:	  1024
[2020.09.03-05.21.35:449][100]LogAudioMixer: Display: 	Number of buffers to queue:			  2
[2020.09.03-05.21.35:449][100]LogAudioMixer: Display: 	Max Channels (voices):				  32
[2020.09.03-05.21.35:449][100]LogAudioMixer: Display: 	Number of Async Source Workers:		  0
[2020.09.03-05.21.35:449][100]LogAudio: Display: AudioDevice MaxSources: 32
[2020.09.03-05.21.35:449][100]LogAudio: Display: Using built-in audio occlusion.
[2020.09.03-05.21.35:449][100]LogAudioMixer: Display: Initializing audio mixer.
[2020.09.03-05.21.35:461][100]LogAudioMixer: Display: Audio Device Output Speaker Info:
[2020.09.03-05.21.35:461][100]LogAudioMixer: Display: Name: Speakers (Logitech G533 Gaming Headset)
[2020.09.03-05.21.35:461][100]LogAudioMixer: Display: Is Default: Yes
[2020.09.03-05.21.35:461][100]LogAudioMixer: Display: Sample Rate: 48000
[2020.09.03-05.21.35:461][100]LogAudioMixer: Display: Channel Count Used: 8
[2020.09.03-05.21.35:461][100]LogAudioMixer: Display: Device Channel Count: 8
[2020.09.03-05.21.35:461][100]LogAudioMixer: Display: Channel Order:
[2020.09.03-05.21.35:461][100]LogAudioMixer: Display: 0: FrontLeft
[2020.09.03-05.21.35:461][100]LogAudioMixer: Display: 1: FrontRight
[2020.09.03-05.21.35:461][100]LogAudioMixer: Display: 2: FrontCenter
[2020.09.03-05.21.35:461][100]LogAudioMixer: Display: 3: LowFrequency
[2020.09.03-05.21.35:461][100]LogAudioMixer: Display: 4: BackLeft
[2020.09.03-05.21.35:461][100]LogAudioMixer: Display: 5: BackRight
[2020.09.03-05.21.35:461][100]LogAudioMixer: Display: 6: SideLeft
[2020.09.03-05.21.35:461][100]LogAudioMixer: Display: 7: SideRight
[2020.09.03-05.21.35:478][100]LogAudioMixer: Display: Using Audio Device Speakers (Logitech G533 Gaming Headset)
[2020.09.03-05.21.35:480][100]LogInit: FAudioDevice initialized.
[2020.09.03-05.21.35:498][100]LogLoad: Game class is 'AdvGamesProgrammingGameModeBase'
[2020.09.03-05.21.35:501][100]LogWorld: Bringing World /Game/Levels/UEDPIE_0_TestingMap.TestingMap up for play (max tick rate 0) at 2020.09.03-15.21.35
[2020.09.03-05.21.35:501][100]LogWorld: Bringing up level for play took: 0.001909
[2020.09.03-05.21.35:502][100]LogOnline: OSS: Creating online subsystem instance for: :Context_8
[2020.09.03-05.21.35:538][100]LogContentBrowser: Native class hierarchy updated for 'MovieSceneCapture' in 0.0005 seconds. Added 20 classes and 0 folders.
[2020.09.03-05.21.35:538][100]LogTemp: Warning: X=1000.000 Y=-250.000 Z=50.000
[2020.09.03-05.21.35:541][100]PIE: Play in editor start time for /Game/Levels/UEDPIE_0_TestingMap -0.029
[2020.09.03-05.21.35:543][100]LogTemp: Display: At Node NavigationNode11_13
[2020.09.03-05.21.35:543][100]LogTemp: Display: At Node NavigationNode7
[2020.09.03-05.21.38:779][100]LogWindows: Error: === Critical error: ===
[2020.09.03-05.21.38:779][100]LogWindows: Error: 
[2020.09.03-05.21.38:779][100]LogWindows: Error: Fatal error!
[2020.09.03-05.21.38:779][100]LogWindows: Error: 
[2020.09.03-05.21.38:779][100]LogWindows: Error: Unhandled Exception: EXCEPTION_ACCESS_VIOLATION reading address 0xffffffff
[2020.09.03-05.21.38:779][100]LogWindows: Error: 
[2020.09.03-05.21.38:779][100]LogWindows: Error: [Callstack] 0x00007ff9fecd51ab ucrtbase.dll!UnknownFunction []
[2020.09.03-05.21.38:779][100]LogWindows: Error: [Callstack] 0x00007ff9fecc0c24 ucrtbase.dll!UnknownFunction []
[2020.09.03-05.21.38:779][100]LogWindows: Error: [Callstack] 0x00007ff9fecc0837 ucrtbase.dll!UnknownFunction []
[2020.09.03-05.21.38:779][100]LogWindows: Error: [Callstack] 0x00007ff999c6f8a3 UE4Editor-Core.dll!UnknownFunction []
[2020.09.03-05.21.38:779][100]LogWindows: Error: [Callstack] 0x00007ff965266f1e UE4Editor-AdvGamesProgramming-2629.dll!AEnemyCharacter::SensePlayer() [C:\Users\Kevin\Documents\2020\Week5-Assessment2Test\Week5StartingPoint\Week5StartingPoint\Source\AdvGamesProgramming\EnemyCharacter.cpp:150]
[2020.09.03-05.21.38:779][100]LogWindows: Error: [Callstack] 0x00007ff96526574f UE4Editor-AdvGamesProgramming-2629.dll!AEnemyCharacter::execSensePlayer() [C:\Users\Kevin\Documents\2020\Week5-Assessment2Test\Week5StartingPoint\Week5StartingPoint\Source\AdvGamesProgramming\EnemyCharacter.h:24]
[2020.09.03-05.21.38:779][100]LogWindows: Error: [Callstack] 0x00007ff9995342e8 UE4Editor-CoreUObject.dll!UnknownFunction []
[2020.09.03-05.21.38:779][100]LogWindows: Error: [Callstack] 0x00007ff999780148 UE4Editor-CoreUObject.dll!UnknownFunction []
[2020.09.03-05.21.38:779][100]LogWindows: Error: [Callstack] 0x00007ff9841a7f18 UE4Editor-Engine.dll!UnknownFunction []
[2020.09.03-05.21.38:779][100]LogWindows: Error: [Callstack] 0x00007ff9743b6cd0 UE4Editor-AIModule.dll!UnknownFunction []
[2020.09.03-05.21.38:779][100]LogWindows: Error: [Callstack] 0x00007ff9744c4526 UE4Editor-AIModule.dll!UnknownFunction []
[2020.09.03-05.21.38:779][100]LogWindows: Error: [Callstack] 0x00007ff9744f9f35 UE4Editor-AIModule.dll!UnknownFunction []
[2020.09.03-05.21.38:779][100]LogWindows: Error: [Callstack] 0x00007ff9744df373 UE4Editor-AIModule.dll!UnknownFunction []
[2020.09.03-05.21.38:779][100]LogWindows: Error: [Callstack] 0x00007ff985305115 UE4Editor-Engine.dll!UnknownFunction []
[2020.09.03-05.21.38:779][100]LogWindows: Error: [Callstack] 0x00007ff984a86992 UE4Editor-Engine.dll!UnknownFunction []
[2020.09.03-05.21.38:779][100]LogWindows: Error: [Callstack] 0x00007ff982c1ad60 UE4Editor-UnrealEd.dll!UnknownFunction []
[2020.09.03-05.21.38:779][100]LogWindows: Error: [Callstack] 0x00007ff98347e476 UE4Editor-UnrealEd.dll!UnknownFunction []
[2020.09.03-05.21.38:779][100]LogWindows: Error: [Callstack] 0x00007ff78e407f62 UE4Editor.exe!UnknownFunction []
[2020.09.03-05.21.38:779][100]LogWindows: Error: [Callstack] 0x00007ff78e41c3ec UE4Editor.exe!UnknownFunction []
[2020.09.03-05.21.38:779][100]LogWindows: Error: [Callstack] 0x00007ff78e41c4ca UE4Editor.exe!UnknownFunction []
[2020.09.03-05.21.38:779][100]LogWindows: Error: [Callstack] 0x00007ff78e42ceae UE4Editor.exe!UnknownFunction []
[2020.09.03-05.21.38:779][100]LogWindows: Error: [Callstack] 0x00007ff78e42fcbe UE4Editor.exe!UnknownFunction []
[2020.09.03-05.21.38:779][100]LogWindows: Error: [Callstack] 0x00007ffa008a7bd4 KERNEL32.DLL!UnknownFunction []
[2020.09.03-05.21.38:779][100]LogWindows: Error: [Callstack] 0x00007ffa012ece51 ntdll.dll!UnknownFunction []
[2020.09.03-05.21.38:779][100]LogWindows: Error: 
[2020.09.03-05.21.38:814][100]LogExit: Executing StaticShutdownAfterError
[2020.09.03-05.21.38:826][100]LogWindows: FPlatformMisc::RequestExit(1)
[2020.09.03-05.21.38:826][100]LogCore: Engine exit requested (reason: Win RequestExit)
[2020.09.03-05.21.38:877][100]Log file closed, 09/03/20 15:21:38
